1 4 2 50
2 3 6 50
3 9 2 50
4 9 2 50
5 4 2 50
6 1 2 50
7 4 2 50
8 7 2 50
9 1 2 50
10 5 2 50
11 1 2 50
12 9 2 50
13 1 2 50
14 2 2 50
15 2 2 50
16 1 2 50
17 1 2 50
18 1 2 50
19 1 2 50
20 8 2 50
21 3 2 50
22 3 2 50
23 1 2 50
24 1 2 50
25 9 2 50
26 2 2 50
27 2 2 50
28 1 2 50
29 1 2 50
30 2 2 50
31 3 2 50
32 1 2 50
33 2 2 50
34 27 2 50
35 1 2 50
36 3 2 50
37 1 2 50
38 1 2 50
39 41 2 50
40 3 2 50
41 4 2 50
42 3 2 50
43 1 2 50
44 1 2 50
45 2 2 50
46 10 2 50
47 24 2 50
48 1 2 50
49 1 2 50
50 2 2 50
51 1 2 50
52 1 2 50
53 3 2 50
54 1 2 50
55 2 2 50
56 2 2 50
57 9 2 50
58 4 2 50
59 1 2 50
60 12 2 50
61 1 2 50
62 1 2 50
63 8 2 50
64 7 2 50
65 11 2 50
66 4 2 50
67 2 2 50
68 1 2 50
69 1 2 50
70 4 2 50
71 1 2 50
72 9 2 50
73 2 2 50
74 1 2 50
75 3 2 50
76 1 2 50
77 2 2 50
78 4 2 50
79 1 2 50
80 12 2 50
81 7 2 50
82 1 2 50
83 1 2 50
84 2 2 50
85 2 2 50
86 2 2 50
87 1 2 50
88 1 2 50
89 3 2 50
90 7 2 50
91 1 2 50
92 2 2 50
93 6 2 50
94 1 2 50
95 3 2 50
96 35 2 50
97 1 2 50
98 1 2 50
99 4 2 50
100 1 2 50
