861
1451
1664
2682
424
2885
754
3120
2257
2250
1452
2358
794
1063
1663
2024
2450
2744
2576
2131
3240
2138
2778
2592
1515
1285
1338
626
377
1755
480
1930
1687
2455
158
1319
861
183
757
1720
2391
16
51
1198
2148
935
2525
2251
273
2324
2890
2116
781
2285
2526
934
2653
408
882
637
2497
647
2708
1610
2987
3048
1819
3111
1244
3240
1439
2495
1371
890
2857
2056
2479
1294
3101
2645
1075
2517
1520
2513
1159
3182
1456
2794
3240
1617
2347
3108
1606
948
3155
296
3097
2015
2939
3215
800
2648
1470
128
2886
1415
1138
1351
2863
2191
2882
1525
591
453
446
1349
1120
717
1185
2526
279
78
786
912
1298
2845
1102
1266
1988
2342
3088
2552
584
3192
2634
299
1476
1135
112
2077
1352
1733
2459
1998
1959
3112
1394
2511
2629
568
701
2149
3007
1061
2192
2660
1485
1533
1952
3062
2715
1023
1317
1960
1808
704
552
2665
854
1227
2848
422
1995
1833
2787
704
2571
89
1666
1625
1705
2272
1080
2963
205
231
1052
1348
2967
962
572
2367
112
1699
709
1373
121
3204
3162
2169
761
2741
2949
2960
1294
369
1418
1515
216
2049
130
3220
2855
489
2639
2367
2182
1618
1692
2962
1042
349
2668
2422
2291
35
312
16
1520
2019
799
274
1429
1724
1489
1808
2128
1628
77
3095
1879
401
1483
557
3240
1455
3028
2663
2407
3191
313
2509
1544
2762
2517
2249
1748
876
1614
1209
3240
1392
1731
2428
2105
2940
776
1347
2996
2820
824
757
1209
2365
2935
2389
211
696
1386
1155
2583
1177
2994
3148
567
662
2206
2895
172
460
2202
2603
2393
2468
126
2625
664
1502
496
1565
318
2764
1561
31
1365
667
1397
3222
3240
3103
1314
2006
907
425
1586
1915
306
1302
1197
1671
1866
374
1027
1929
1006
3040
1392
312
1778
246
310
1524
3240
2184
688
1085
727
3045
497
2919
2704
2463
2480
1712
1054
1492
3025
803
1270
2311
535
3007
2299
434
594
823
649
897
683
1768
1026
748
1433
494
2900
74
2460
2912
1976
121
2870
1808
1881
1425
2223
2318
2340
1931
1941
1146
1878
632
2560
1263
232
2920
2709
1915
876
1196
3100
218
1937
921
2422
1052
2610
37
1771
1434
2604
676
649
796
2160
2169
2923
3105
2627
2891
1891
2390
2754
161
1028
2863
2965
1325
1632
289
1872
1801
1655
1753
963
176
1994
2965
2330
1615
857
644
406
2817
2336
3080
2853
3131
876
3017
3056
2290
385
3068
499
2737
2397
2266
2366
924
1154
1419
1151
677
2053
2342
397
2623
594
995
2238
1205
909
756
204
723
1429
2265
3208
1402
2943
3005
2834
377
2740
825
944
1102
140
894
2579
3240
2184
360
1988
595
1632
2158
2458
2687
3050
796
2072
1244
1853
1860
2687
2674
2431
2354
1579
127
2633
157
2479
1218
3132
2963
1231
3094
2184
934
86
659
619
2425
2398
2847
801
2323
611
1499
2740
2366
1195
1867
2497
1282
377
1823
2286
2681
2841
97
2729
2882
2517
233
1131
2187
156
58
615
1779
1152
2001
130
990
1490
2066
3054
1867
2157
1926
875
1516
1298
2461
2517
1365
1217
501
2429
2432
2461
2054
1143
1514
1521
521
2313
1017
3035
2068
1971
758
966
1523
2731
1549
863
2638
517
602
175
381
2020
1006
1260
2280
370
1453
1108
2859
797
2977
3102
492
902
2151
1224
487
3081
1666
539
275
442
2654
2810
899
2928
1404
3151
3075
1728
314
2812
2523
2965
3107
1472
1724
1969
1140
1562
1028
3102
704
2400
2191
2231
1987
1833
634
945
2641
1040
747
1641
2006
360
1801
2157
110
1593
2868
1801
2356
2650
1334
289
2314
1439
3027
2822
1438
1002
2290
501
2751
808
2578
145
788
2517
2970
2500
1655
226
2017
67
292
2342
2562
645
2605
534
1861
3120
677
1824
444
1710
326
140
2173
662
2828
1268
623
358
1529
1222
2794
2943
1810
1888
159
2157
1969
2034
234
1083
2532
2585
800
2448
655
669
1176
1648
2919
226
1834
3061
1368
2604
2699
330
2290
381
2945
2161
1084
1878
263
2764
1885
296
112
1913
1604
1860
1862
1216
300
1714
3030
2483
1540
1094
1181
1178
1024
2299
1380
2170
821
1946
1001
336
891
2879
1332
488
955
2526
2152
2240
151
2572
450
1194
1230
274
3030
2303
2161
189
694
312
1644
3111
107
183
2123
2286
331
1816
1950
362
665
1894
954
2446
1372
2828
188
345
889
319
2019
1739
136
3025
254
2754
458
2128
1532
2454
2879
2489
1978
2374
3209
2825
231
1163
1598
2433
2854
1828
186
2271
743
65
983
2902
384
1610
624
1482
66
2389
305
2967
1933
253
2057
697
1813
2079
1310
2977
1139
264
706
1030
1013
436
438
2197
2486
992
1839
883
3031
2376
1167
860
64
1700
2255
953
2244
2462
351
1825
3220
2460
1380
2261
2859
2082
2914
2266
2452
575
823
1872
2032
2570
574
2478
2064
2927
1862
1427
1641
3240
2370
1409
2403
1293
652
2534
96
3021
1526
1812
134
2050
2482
1540
1748
1230
2755
1157
2329
2281
2919
292
1001
2028
1225
754
589
2739
1881
271
1899
2395
2078
447
161
2459
2924
884
640
2199
1438
463
3240
10
268
2346
682
767
304
200
47
1181
1591
1685
1797
323
1239
1090
2538
3044
1716
1181
1001
1402
448
1239
756
438
2516
1152
2719
2995
2904
2618
2026
2703
2521
150
2075
1549
2580
1210
1291
240
2406
2212
2372
3115
2786
1976
2556
1218
2055
1360
2534
400
88
1826
2971
2736
1169
1532
2314
1072
516
634
3240
2996
56
367
1596
116
1957
3136
3068
190
2305
2288
898
