1 1 4 80
2 3 4 80
3 3 4 80
4 1 6 80
5 3 4 80
6 1 4 80
7 1 4 80
8 4 4 80
9 1 4 80
10 1 4 80
11 1 4 80
12 2 4 80
13 1 4 80
14 1 4 80
15 2 4 80
16 1 4 80
17 2 4 80
18 1 4 80
19 11 4 80
20 13 4 80
21 1 4 80
22 9 4 80
23 3 4 80
24 1 4 80
25 1 4 80
26 2 4 80
27 1 4 80
28 1 4 80
29 1 4 80
30 1 4 80
31 4 4 80
32 3 4 80
33 7 4 80
34 1 4 80
35 1 4 80
36 5 4 80
37 8 4 80
38 3 4 80
39 1 4 80
40 1 4 80
41 1 4 80
42 1 4 80
43 2 4 80
44 2 4 80
45 1 4 80
46 2 4 80
47 2 4 80
48 1 4 80
49 1 4 80
50 1 4 80
51 3 4 80
52 3 4 80
53 1 4 80
54 1 4 80
55 1 4 80
56 2 4 80
57 1 4 80
58 2 4 80
59 2 4 80
60 44 4 80
61 1 4 80
62 1 4 80
63 43 4 80
64 4 4 80
65 1 4 80
66 1 4 80
67 1 4 80
68 1 4 80
69 1 4 80
70 8 4 80
71 2 4 80
72 3 4 80
73 4 4 80
74 2 4 80
75 1 4 80
76 19 4 80
77 4 4 80
78 1 4 80
79 3 4 80
80 1 4 80
81 1 4 80
82 2 4 80
83 2 4 80
84 3 4 80
85 4 4 80
86 2 4 80
87 1 4 80
88 1 4 80
89 1 4 80
90 4 4 80
91 2 4 80
92 1 4 80
93 2 4 80
94 1 4 80
95 4 4 80
96 9 4 80
97 29 4 80
98 12 4 80
99 2 4 80
100 2 4 80
101 1 4 80
102 2 4 80
103 1 4 80
104 2 4 80
105 7 4 80
106 1 4 80
107 1 4 80
108 2 4 80
109 1 4 80
110 2 4 80
111 1 4 80
112 5 4 80
113 2 4 80
114 12 4 80
115 1 4 80
116 1 4 80
117 1 4 80
118 19 4 80
119 42 4 80
120 6 4 80
121 7 4 80
122 1 4 80
123 1 4 80
124 3 4 80
125 1 4 80
126 16 4 80
127 1 4 80
128 1 4 80
129 7 4 80
130 1 4 80
131 1 4 80
132 35 4 80
133 3 4 80
134 2 4 80
135 1 4 80
136 1 4 80
137 3 4 80
138 1 4 80
139 1 4 80
140 3 4 80
141 17 4 80
142 1 4 80
143 1 4 80
144 4 4 80
145 1 4 80
146 1 4 80
147 1 4 80
148 1 4 80
149 1 4 80
150 1 4 80
151 8 4 80
152 1 4 80
153 15 4 80
154 1 4 80
155 2 4 80
156 4 4 80
157 1 4 80
158 1 4 80
159 2 4 80
160 1 4 80
161 1 4 80
162 5 4 80
163 1 4 80
164 1 4 80
165 2 4 80
166 2 4 80
167 2 4 80
168 9 4 80
169 1 4 80
170 4 4 80
171 1 4 80
172 4 4 80
173 2 4 80
174 31 4 80
175 2 4 80
176 1 4 80
177 2 4 80
178 1 4 80
179 1 4 80
180 2 4 80
181 2 4 80
182 2 4 80
183 22 4 80
184 1 4 80
185 1 4 80
186 1 4 80
187 1 4 80
188 2 4 80
189 2 4 80
190 5 4 80
191 1 4 80
192 1 4 80
193 2 4 80
194 1 4 80
195 4 4 80
196 1 4 80
197 1 4 80
198 1 4 80
199 4 4 80
200 4 4 80
201 4 4 80
202 2 4 80
203 2 4 80
204 1 4 80
205 1 4 80
206 1 4 80
207 3 4 80
208 1 4 80
209 2 4 80
210 1 4 80
211 1 4 80
212 1 4 80
213 2 4 80
214 1 4 80
215 2 4 80
216 1 4 80
217 1 4 80
218 4 4 80
219 11 4 80
220 6 4 80
221 5 4 80
222 1 4 80
223 1 4 80
224 1 4 80
225 1 4 80
226 15 4 80
227 3 4 80
228 3 4 80
229 1 4 80
230 1 4 80
231 1 4 80
232 2 4 80
233 2 4 80
234 1 4 80
235 1 4 80
236 6 4 80
237 1 4 80
238 1 4 80
239 1 4 80
240 1 4 80
241 2 4 80
242 32 4 80
243 1 4 80
244 3 4 80
245 4 4 80
246 1 4 80
247 1 4 80
248 1 4 80
249 10 4 80
250 3 4 80
251 1 4 80
252 2 4 80
253 2 4 80
254 1 4 80
255 1 4 80
256 1 4 80
257 1 4 80
258 6 4 80
259 10 4 80
260 2 4 80
261 2 4 80
262 3 4 80
263 2 4 80
264 2 4 80
265 6 4 80
266 4 4 80
267 4 4 80
268 25 4 80
269 1 4 80
270 3 4 80
271 1 4 80
272 3 4 80
273 1 4 80
274 22 4 80
275 1 4 80
276 2 4 80
277 1 4 80
278 41 4 80
279 6 4 80
280 1 4 80
281 14 4 80
282 1 4 80
283 1 4 80
284 6 4 80
285 1 4 80
286 1 4 80
287 3 4 80
288 1 4 80
289 1 4 80
290 2 4 80
291 1 4 80
292 7 4 80
293 3 4 80
294 1 4 80
295 1 4 80
296 2 4 80
297 6 4 80
298 1 4 80
299 1 4 80
300 1 4 80
301 2 4 80
302 1 4 80
303 2 4 80
304 1 4 80
305 1 4 80
306 5 4 80
307 1 4 80
308 6 4 80
309 1 4 80
310 2 4 80
311 5 4 80
312 1 4 80
313 2 4 80
314 1 4 80
315 2 4 80
316 2 4 80
317 2 4 80
318 4 4 80
319 1 4 80
320 1 4 80
321 1 4 80
322 44 4 80
323 7 4 80
324 2 4 80
325 1 4 80
326 1 4 80
327 7 4 80
328 15 4 80
329 1 4 80
330 1 4 80
331 1 4 80
332 6 4 80
333 3 4 80
334 1 4 80
335 2 4 80
336 4 4 80
337 3 4 80
338 4 4 80
339 1 4 80
340 3 4 80
341 2 4 80
342 1 4 80
343 1 4 80
344 3 4 80
345 2 4 80
346 1 4 80
347 7 4 80
348 1 4 80
349 3 4 80
350 1 4 80
351 2 4 80
352 3 4 80
353 1 4 80
354 2 4 80
355 11 4 80
356 1 4 80
357 1 4 80
358 1 4 80
359 1 4 80
360 1 4 80
361 9 4 80
362 6 4 80
363 1 4 80
364 4 4 80
365 1 4 80
366 7 4 80
367 1 4 80
368 21 4 80
369 2 4 80
370 1 4 80
371 4 4 80
372 1 4 80
373 1 4 80
374 53 4 80
375 1 4 80
376 3 4 80
377 3 4 80
378 1 4 80
379 4 4 80
380 1 4 80
381 2 4 80
382 1 4 80
383 10 4 80
384 1 4 80
385 1 4 80
386 5 4 80
387 5 4 80
388 1 4 80
389 1 4 80
390 7 4 80
391 2 4 80
392 2 4 80
393 2 4 80
394 1 4 80
395 1 4 80
396 3 4 80
397 2 4 80
398 1 4 80
399 3 4 80
400 13 4 80
401 5 4 80
402 2 4 80
403 7 4 80
404 2 4 80
405 4 4 80
406 3 4 80
407 2 4 80
408 2 4 80
409 10 4 80
410 7 4 80
411 6 4 80
412 1 4 80
413 1 4 80
414 1 4 80
415 1 4 80
416 2 4 80
417 3 4 80
418 1 4 80
419 3 4 80
420 5 4 80
421 1 4 80
422 1 4 80
423 1 4 80
424 2 4 80
425 1 4 80
426 6 4 80
427 2 4 80
428 3 4 80
429 15 4 80
430 2 4 80
431 1 4 80
432 3 4 80
433 1 4 80
434 4 4 80
435 4 4 80
436 5 4 80
437 3 4 80
438 1 4 80
439 29 4 80
440 1 4 80
441 3 4 80
442 1 4 80
443 1 4 80
444 1 4 80
445 2 4 80
446 1 4 80
447 6 4 80
448 4 4 80
449 2 4 80
450 2 4 80
451 4 4 80
452 1 4 80
453 10 4 80
454 2 4 80
455 2 4 80
456 3 4 80
457 1 4 80
458 3 4 80
459 5 4 80
460 1 4 80
461 1 4 80
462 1 4 80
463 6 4 80
464 2 4 80
465 1 4 80
466 1 4 80
467 3 4 80
468 2 4 80
469 1 4 80
470 1 4 80
471 3 4 80
472 1 4 80
473 1 4 80
474 1 4 80
475 1 4 80
476 1 4 80
477 1 4 80
478 2 4 80
479 25 4 80
480 1 4 80
481 1 4 80
482 1 4 80
483 1 4 80
484 1 4 80
485 9 4 80
486 11 4 80
487 1 4 80
488 3 4 80
489 4 4 80
490 1 4 80
491 1 4 80
492 3 4 80
493 1 4 80
494 1 4 80
495 15 4 80
496 4 4 80
497 1 4 80
498 1 4 80
499 9 4 80
500 1 4 80
501 1 4 80
502 1 4 80
503 13 4 80
504 1 4 80
505 1 4 80
506 1 4 80
507 1 4 80
508 2 4 80
509 1 4 80
510 2 4 80
511 1 4 80
512 1 4 80
513 7 4 80
514 1 4 80
515 1 4 80
516 1 4 80
517 1 4 80
518 5 4 80
519 2 4 80
520 1 4 80
521 2 4 80
522 1 4 80
523 3 4 80
524 1 4 80
525 2 4 80
526 5 4 80
527 1 4 80
528 2 4 80
529 1 4 80
530 1 4 80
531 4 4 80
532 2 4 80
533 9 4 80
534 3 4 80
535 1 4 80
536 5 4 80
537 2 4 80
538 1 4 80
539 1 4 80
540 1 4 80
541 1 4 80
542 2 4 80
543 1 4 80
544 1 4 80
545 1 4 80
546 2 4 80
547 6 4 80
548 2 4 80
549 1 4 80
550 2 4 80
551 2 4 80
552 4 4 80
553 1 4 80
554 1 4 80
555 1 4 80
556 2 4 80
557 1 4 80
558 1 4 80
559 1 4 80
560 2 4 80
561 2 4 80
562 2 4 80
563 1 4 80
564 8 4 80
565 1 4 80
566 1 4 80
567 2 4 80
568 3 4 80
569 1 4 80
570 2 4 80
571 10 4 80
572 20 4 80
573 1 4 80
574 1 4 80
575 1 4 80
576 2 4 80
577 1 4 80
578 1 4 80
579 1 4 80
580 2 4 80
581 12 4 80
582 4 4 80
583 1 4 80
584 1 4 80
585 1 4 80
586 2 4 80
587 1 4 80
588 2 4 80
589 10 4 80
590 2 4 80
591 5 4 80
592 10 4 80
593 2 4 80
594 3 4 80
595 1 4 80
596 1 4 80
597 2 4 80
598 1 4 80
599 1 4 80
600 3 4 80
601 2 4 80
602 1 4 80
603 39 4 80
604 2 4 80
605 2 4 80
606 1 4 80
607 1 4 80
608 1 4 80
609 1 4 80
610 1 4 80
611 1 4 80
612 9 4 80
613 1 4 80
614 4 4 80
615 17 4 80
616 5 4 80
617 1 4 80
618 1 4 80
619 2 4 80
620 2 4 80
621 1 4 80
622 1 4 80
623 1 4 80
624 12 4 80
625 1 4 80
626 3 4 80
627 3 4 80
628 1 4 80
629 4 4 80
630 1 4 80
631 2 4 80
632 1 4 80
633 1 4 80
634 3 4 80
635 1 4 80
636 1 4 80
637 1 4 80
638 2 4 80
639 12 4 80
640 2 4 80
641 2 4 80
642 2 4 80
643 19 4 80
644 1 4 80
645 10 4 80
646 2 4 80
647 2 4 80
648 1 4 80
649 2 4 80
650 1 4 80
651 1 4 80
652 1 4 80
653 1 4 80
654 2 4 80
655 8 4 80
656 1 4 80
657 1 4 80
658 1 4 80
659 1 4 80
660 4 4 80
661 4 4 80
662 4 4 80
663 1 4 80
664 1 4 80
665 4 4 80
666 1 4 80
667 1 4 80
668 1 4 80
669 1 4 80
670 5 4 80
671 4 4 80
672 1 4 80
673 3 4 80
674 1 4 80
675 1 4 80
676 1 4 80
677 3 4 80
678 1 4 80
679 1 4 80
680 20 4 80
681 2 4 80
682 3 4 80
683 4 4 80
684 24 4 80
685 4 4 80
686 1 4 80
687 1 4 80
688 1 4 80
689 2 4 80
690 3 4 80
691 1 4 80
692 1 4 80
693 1 4 80
694 2 4 80
695 1 4 80
696 1 4 80
697 1 4 80
698 1 4 80
699 1 4 80
700 2 4 80
701 1 4 80
702 6 4 80
703 1 4 80
704 1 4 80
705 77 4 80
706 5 4 80
707 2 4 80
708 1 4 80
709 1 4 80
710 5 4 80
711 1 4 80
712 1 4 80
713 1 4 80
714 5 4 80
715 2 4 80
716 1 4 80
717 1 4 80
718 1 4 80
719 3 4 80
720 1 4 80
721 1 4 80
722 3 4 80
723 5 4 80
724 2 4 80
725 2 4 80
726 1 4 80
727 1 4 80
728 16 4 80
729 5 4 80
730 2 4 80
731 1 4 80
732 6 4 80
733 1 4 80
734 9 4 80
735 2 4 80
736 5 4 80
737 12 4 80
738 1 4 80
739 9 4 80
740 1 4 80
741 4 4 80
742 1 4 80
743 2 4 80
744 5 4 80
745 1 4 80
746 1 4 80
747 1 4 80
748 1 4 80
749 1 4 80
750 1 4 80
751 1 4 80
752 1 4 80
753 1 4 80
754 1 4 80
755 1 4 80
756 1 4 80
757 4 4 80
758 2 4 80
759 73 4 80
760 1 4 80
761 1 4 80
762 7 4 80
763 2 4 80
764 3 4 80
765 1 4 80
766 1 4 80
767 1 4 80
768 4 4 80
769 1 4 80
770 36 4 80
771 1 4 80
772 1 4 80
773 6 4 80
774 1 4 80
775 1 4 80
776 1 4 80
777 4 4 80
778 3 4 80
779 2 4 80
780 19 4 80
781 1 4 80
782 8 4 80
783 1 4 80
784 1 4 80
785 1 4 80
786 2 4 80
787 1 4 80
788 1 4 80
789 1 4 80
790 2 4 80
791 49 4 80
792 2 4 80
793 1 4 80
794 1 4 80
795 1 4 80
796 1 4 80
797 1 4 80
798 5 4 80
799 40 4 80
800 25 4 80
801 1 4 80
802 8 4 80
803 14 4 80
804 1 4 80
805 53 4 80
806 4 4 80
807 1 4 80
808 2 4 80
809 1 4 80
810 24 4 80
811 9 4 80
812 1 4 80
813 2 4 80
814 1 4 80
815 3 4 80
816 1 4 80
817 4 4 80
818 2 4 80
819 1 4 80
820 2 4 80
821 13 4 80
822 3 4 80
823 1 4 80
824 3 4 80
825 1 4 80
826 11 4 80
827 2 4 80
828 3 4 80
829 1 4 80
830 3 4 80
831 4 4 80
832 1 4 80
833 7 4 80
834 2 4 80
835 1 4 80
836 3 4 80
837 4 4 80
838 1 4 80
839 1 4 80
840 1 4 80
841 1 4 80
842 1 4 80
843 1 4 80
844 1 4 80
845 7 4 80
846 1 4 80
847 1 4 80
848 1 4 80
849 2 4 80
850 1 4 80
851 1 4 80
852 4 4 80
853 1 4 80
854 1 4 80
855 4 4 80
856 1 4 80
857 2 4 80
858 1 4 80
859 1 4 80
860 9 4 80
861 1 4 80
862 1 4 80
863 1 4 80
864 2 4 80
865 19 4 80
866 1 4 80
867 2 4 80
868 1 4 80
869 1 4 80
870 4 4 80
871 1 4 80
872 8 4 80
873 14 4 80
874 1 4 80
875 3 4 80
876 2 4 80
877 2 4 80
878 68 4 80
879 1 4 80
880 4 4 80
881 1 4 80
882 1 4 80
NO TRADE
884 36 4 80
885 2 4 80
886 1 4 80
887 1 4 80
888 2 4 80
889 1 4 80
890 2 4 80
891 7 4 80
892 2 4 80
893 1 4 80
894 3 4 80
895 3 4 80
896 1 4 80
897 1 4 80
898 5 4 80
899 2 4 80
900 1 4 80
901 1 4 80
902 1 4 80
903 1 4 80
904 3 4 80
905 12 4 80
906 5 4 80
907 1 4 80
908 3 4 80
909 13 4 80
910 1 4 80
911 5 4 80
912 3 4 80
913 5 4 80
914 1 4 80
915 17 4 80
916 2 4 80
917 4 4 80
918 1 4 80
919 5 4 80
920 1 4 80
921 1 4 80
922 2 4 80
923 2 4 80
924 1 4 80
925 3 4 80
926 5 4 80
927 1 4 80
928 1 4 80
929 1 4 80
930 45 4 80
931 1 4 80
932 2 4 80
933 8 4 80
934 45 4 80
935 2 4 80
936 3 4 80
937 2 4 80
938 1 4 80
939 1 4 80
940 1 4 80
941 1 4 80
942 2 4 80
943 1 4 80
944 1 4 80
945 5 4 80
946 3 4 80
947 3 4 80
948 3 4 80
949 1 4 80
950 2 4 80
951 1 4 80
952 1 4 80
953 1 4 80
954 1 4 80
955 2 4 80
956 1 4 80
957 1 4 80
958 1 4 80
959 1 4 80
960 1 4 80
961 2 4 80
962 1 4 80
963 2 4 80
964 2 4 80
965 2 4 80
966 1 4 80
967 3 4 80
968 1 4 80
969 2 4 80
970 1 4 80
971 1 4 80
972 1 4 80
973 1 4 80
974 53 4 80
975 9 4 80
976 2 4 80
977 1 4 80
978 1 4 80
979 1 4 80
980 1 4 80
981 1 4 80
982 44 4 80
983 1 4 80
984 1 4 80
985 1 4 80
986 1 4 80
987 1 4 80
988 4 4 80
989 1 4 80
990 1 4 80
991 20 4 80
992 13 4 80
993 3 4 80
994 5 4 80
995 7 4 80
996 1 4 80
997 1 4 80
998 2 4 80
999 1 4 80
1000 1 4 80
