1 1 2 100
2 2 1 100
3 1 1 100
4 1 1 100
5 5 1 100
6 1 1 100
7 1 1 100
8 1 1 100
9 11 1 100
10 1 1 100
11 2 1 100
12 2 1 100
13 1 1 100
14 6 1 100
15 1 1 100
16 1 1 100
17 1 1 100
18 4 1 100
19 4 1 100
20 23 1 100
21 1 1 100
22 1 1 100
23 18 1 100
24 1 1 100
25 1 1 100
26 1 1 100
27 2 1 100
28 2 1 100
29 40 1 100
30 1 1 100
31 1 1 100
32 1 1 100
33 2 1 100
34 1 1 100
35 1 1 100
36 8 1 100
37 7 1 100
38 1 1 100
39 3 1 100
40 2 1 100
41 5 1 100
42 1 1 100
43 1 1 100
44 5 1 100
45 1 1 100
46 4 1 100
47 6 1 100
48 32 1 100
49 3 1 100
50 1 1 100
51 1 1 100
52 1 1 100
53 3 1 100
54 1 1 100
55 1 1 100
56 1 1 100
57 5 1 100
58 3 1 100
59 2 1 100
60 3 1 100
61 1 1 100
62 1 1 100
63 2 1 100
64 1 1 100
65 1 1 100
66 1 1 100
67 84 1 100
68 1 1 100
69 1 1 100
70 1 1 100
71 1 1 100
72 3 1 100
73 1 1 100
74 7 1 100
75 1 1 100
76 1 1 100
77 4 1 100
78 2 1 100
79 1 1 100
80 11 1 100
81 1 1 100
82 2 1 100
83 1 1 100
84 1 1 100
85 2 1 100
86 1 1 100
87 2 1 100
88 1 1 100
89 13 1 100
90 1 1 100
91 2 1 100
92 1 1 100
93 1 1 100
94 7 1 100
95 1 1 100
96 1 1 100
97 1 1 100
98 2 1 100
99 2 1 100
100 1 1 100
101 1 1 100
102 1 1 100
103 1 1 100
104 1 1 100
105 2 1 100
106 1 1 100
107 26 1 100
108 1 1 100
109 1 1 100
110 4 1 100
111 25 1 100
112 5 1 100
113 1 1 100
114 1 1 100
115 1 1 100
116 1 1 100
117 1 1 100
118 1 1 100
119 4 1 100
120 1 1 100
121 1 1 100
122 3 1 100
123 1 1 100
124 1 1 100
125 1 1 100
126 6 1 100
127 5 1 100
128 8 1 100
129 1 1 100
130 1 1 100
131 1 1 100
132 5 1 100
133 10 1 100
134 1 1 100
135 2 1 100
136 15 1 100
137 1 1 100
138 1 1 100
139 1 1 100
140 2 1 100
141 1 1 100
142 2 1 100
143 2 1 100
144 26 1 100
145 1 1 100
146 3 1 100
147 1 1 100
148 7 1 100
149 1 1 100
150 1 1 100
151 1 1 100
152 2 1 100
153 1 1 100
154 1 1 100
155 1 1 100
156 1 1 100
157 5 1 100
158 2 1 100
159 6 1 100
160 1 1 100
161 1 1 100
162 1 1 100
163 1 1 100
164 1 1 100
165 4 1 100
166 1 1 100
167 1 1 100
168 1 1 100
169 3 1 100
170 1 1 100
171 9 1 100
172 5 1 100
173 1 1 100
174 1 1 100
175 3 1 100
176 17 1 100
177 4 1 100
178 2 1 100
179 1 1 100
180 1 1 100
181 1 1 100
182 1 1 100
183 2 1 100
184 1 1 100
185 2 1 100
186 1 1 100
187 3 1 100
188 1 1 100
189 1 1 100
190 1 1 100
191 1 1 100
192 1 1 100
193 13 1 100
194 2 1 100
195 1 1 100
196 7 1 100
197 5 1 100
198 1 1 100
199 1 1 100
200 6 1 100
201 2 1 100
202 2 1 100
203 1 1 100
204 1 1 100
205 1 1 100
206 2 1 100
207 1 1 100
208 3 1 100
209 5 1 100
210 1 1 100
211 1 1 100
212 1 1 100
213 4 1 100
214 1 1 100
215 1 1 100
216 1 1 100
217 17 1 100
218 2 1 100
219 1 1 100
220 1 1 100
221 3 1 100
222 1 1 100
223 1 1 100
224 2 1 100
225 3 1 100
226 1 1 100
227 1 1 100
228 1 1 100
229 2 1 100
230 1 1 100
231 2 1 100
232 6 1 100
233 4 1 100
234 1 1 100
235 1 1 100
236 18 1 100
237 1 1 100
238 8 1 100
239 2 1 100
240 15 1 100
241 2 1 100
242 4 1 100
243 1 1 100
244 1 1 100
245 1 1 100
246 7 1 100
247 1 1 100
248 1 1 100
249 1 1 100
250 1 1 100
251 1 1 100
252 1 1 100
253 37 1 100
254 1 1 100
255 1 1 100
256 1 1 100
257 1 1 100
258 2 1 100
259 4 1 100
260 8 1 100
261 8 1 100
262 1 1 100
263 1 1 100
264 1 1 100
265 1 1 100
266 2 1 100
267 1 1 100
268 1 1 100
269 1 1 100
270 15 1 100
271 11 1 100
272 2 1 100
273 1 1 100
274 4 1 100
275 1 1 100
276 1 1 100
277 2 1 100
278 2 1 100
279 1 1 100
280 4 1 100
281 4 1 100
282 1 1 100
283 8 1 100
284 4 1 100
285 51 1 100
286 3 1 100
287 6 1 100
288 1 1 100
289 3 1 100
290 7 1 100
291 1 1 100
292 2 1 100
293 1 1 100
294 10 1 100
295 3 1 100
296 11 1 100
297 1 1 100
298 8 1 100
299 2 1 100
300 1 1 100
301 1 1 100
302 26 1 100
303 3 1 100
304 1 1 100
305 1 1 100
306 1 1 100
307 1 1 100
308 1 1 100
309 4 1 100
310 2 1 100
311 6 1 100
312 1 1 100
313 1 1 100
314 1 1 100
315 1 1 100
316 18 1 100
317 2 1 100
318 1 1 100
319 1 1 100
320 7 1 100
321 25 1 100
322 4 1 100
323 1 1 100
324 1 1 100
325 1 1 100
326 9 1 100
327 2 1 100
328 1 1 100
329 1 1 100
330 10 1 100
331 9 1 100
332 3 1 100
333 3 1 100
334 9 1 100
335 6 1 100
336 1 1 100
337 1 1 100
338 8 1 100
339 1 1 100
340 5 1 100
341 1 1 100
342 2 1 100
343 1 1 100
344 4 1 100
345 1 1 100
346 2 1 100
347 2 1 100
348 1 1 100
349 1 1 100
350 2 1 100
351 1 1 100
352 3 1 100
353 4 1 100
354 1 1 100
355 5 1 100
356 1 1 100
357 1 1 100
358 9 1 100
359 2 1 100
360 10 1 100
361 2 1 100
362 2 1 100
363 18 1 100
364 2 1 100
365 2 1 100
366 1 1 100
367 1 1 100
368 5 1 100
369 26 1 100
370 7 1 100
371 1 1 100
372 1 1 100
373 1 1 100
374 1 1 100
375 2 1 100
376 1 1 100
377 1 1 100
378 5 1 100
379 6 1 100
380 2 1 100
381 10 1 100
382 1 1 100
383 1 1 100
384 1 1 100
385 1 1 100
386 6 1 100
387 6 1 100
388 1 1 100
389 2 1 100
390 1 1 100
391 2 1 100
392 2 1 100
393 21 1 100
394 2 1 100
395 1 1 100
396 1 1 100
397 1 1 100
398 1 1 100
399 55 1 100
400 1 1 100
401 1 1 100
402 1 1 100
403 4 1 100
404 2 1 100
405 2 1 100
406 7 1 100
407 1 1 100
408 1 1 100
409 1 1 100
410 1 1 100
411 3 1 100
412 1 1 100
413 1 1 100
414 2 1 100
415 1 1 100
416 9 1 100
417 6 1 100
418 10 1 100
419 2 1 100
420 1 1 100
421 7 1 100
422 7 1 100
423 4 1 100
424 1 1 100
425 8 1 100
426 1 1 100
427 1 1 100
428 1 1 100
429 4 1 100
430 1 1 100
431 1 1 100
432 1 1 100
433 1 1 100
434 1 1 100
435 1 1 100
436 2 1 100
437 2 1 100
438 2 1 100
439 1 1 100
440 8 1 100
441 2 1 100
442 4 1 100
443 1 1 100
444 1 1 100
445 5 1 100
446 1 1 100
447 1 1 100
448 3 1 100
449 2 1 100
450 1 1 100
451 1 1 100
452 1 1 100
453 1 1 100
454 2 1 100
455 3 1 100
456 1 1 100
457 1 1 100
458 1 1 100
459 1 1 100
460 1 1 100
461 3 1 100
462 1 1 100
463 1 1 100
464 1 1 100
465 3 1 100
466 1 1 100
467 1 1 100
468 1 1 100
469 12 1 100
470 21 1 100
471 7 1 100
472 1 1 100
473 1 1 100
474 1 1 100
475 2 1 100
476 3 1 100
477 9 1 100
478 1 1 100
479 1 1 100
480 6 1 100
481 7 1 100
482 5 1 100
483 5 1 100
484 1 1 100
485 3 1 100
486 1 1 100
487 9 1 100
488 1 1 100
489 4 1 100
490 1 1 100
491 1 1 100
492 1 1 100
493 1 1 100
494 13 1 100
495 1 1 100
496 10 1 100
497 1 1 100
498 1 1 100
499 1 1 100
500 3 1 100
501 6 1 100
502 8 1 100
503 1 1 100
504 1 1 100
505 1 1 100
506 1 1 100
507 1 1 100
508 1 1 100
509 7 1 100
510 1 1 100
511 2 1 100
512 1 1 100
513 1 1 100
514 1 1 100
515 10 1 100
516 1 1 100
517 1 1 100
518 1 1 100
519 1 1 100
520 3 1 100
521 2 1 100
522 1 1 100
523 2 1 100
524 1 1 100
525 1 1 100
526 2 1 100
527 1 1 100
528 3 1 100
529 1 1 100
530 1 1 100
531 5 1 100
532 3 1 100
533 1 1 100
534 1 1 100
535 1 1 100
536 1 1 100
537 24 1 100
538 15 1 100
539 1 1 100
540 1 1 100
541 2 1 100
542 4 1 100
543 5 1 100
544 1 1 100
545 1 1 100
546 1 1 100
547 2 1 100
548 2 1 100
549 2 1 100
550 1 1 100
551 8 1 100
552 6 1 100
553 6 1 100
554 3 1 100
555 12 1 100
556 1 1 100
557 10 1 100
558 1 1 100
559 2 1 100
560 7 1 100
561 4 1 100
562 2 1 100
563 1 1 100
564 1 1 100
565 1 1 100
566 81 1 100
567 2 1 100
568 3 1 100
569 32 1 100
570 1 1 100
571 8 1 100
572 4 1 100
573 1 1 100
574 1 1 100
575 1 1 100
576 1 1 100
577 1 1 100
578 3 1 100
579 1 1 100
580 1 1 100
581 1 1 100
582 1 1 100
583 1 1 100
584 11 1 100
585 1 1 100
586 2 1 100
587 1 1 100
588 1 1 100
589 1 1 100
590 1 1 100
591 2 1 100
592 1 1 100
593 1 1 100
594 2 1 100
595 2 1 100
596 4 1 100
597 1 1 100
598 2 1 100
599 3 1 100
600 11 1 100
601 5 1 100
602 1 1 100
603 1 1 100
604 1 1 100
605 3 1 100
606 4 1 100
607 26 1 100
608 3 1 100
609 4 1 100
610 1 1 100
611 2 1 100
612 3 1 100
613 2 1 100
614 4 1 100
615 2 1 100
616 2 1 100
617 1 1 100
618 1 1 100
619 2 1 100
620 1 1 100
621 1 1 100
622 5 1 100
623 1 1 100
624 1 1 100
625 1 1 100
626 7 1 100
627 6 1 100
628 2 1 100
629 2 1 100
630 1 1 100
631 1 1 100
632 1 1 100
633 1 1 100
634 2 1 100
635 1 1 100
636 11 1 100
637 1 1 100
638 2 1 100
639 4 1 100
640 2 1 100
641 2 1 100
642 1 1 100
643 2 1 100
644 1 1 100
645 1 1 100
646 3 1 100
647 1 1 100
648 1 1 100
649 4 1 100
650 2 1 100
651 1 1 100
652 1 1 100
653 2 1 100
654 1 1 100
655 2 1 100
656 1 1 100
657 1 1 100
658 2 1 100
659 3 1 100
660 1 1 100
661 2 1 100
662 1 1 100
663 1 1 100
664 4 1 100
665 3 1 100
666 1 1 100
667 1 1 100
668 2 1 100
669 1 1 100
670 8 1 100
671 1 1 100
672 5 1 100
673 1 1 100
674 1 1 100
675 1 1 100
676 1 1 100
677 1 1 100
678 3 1 100
679 2 1 100
680 1 1 100
681 1 1 100
682 1 1 100
683 1 1 100
684 1 1 100
685 3 1 100
686 4 1 100
687 2 1 100
688 1 1 100
689 3 1 100
690 1 1 100
691 3 1 100
692 2 1 100
693 2 1 100
694 2 1 100
695 16 1 100
696 1 1 100
697 2 1 100
698 1 1 100
699 2 1 100
700 1 1 100
701 1 1 100
702 1 1 100
703 6 1 100
704 1 1 100
705 1 1 100
706 2 1 100
707 2 1 100
708 32 1 100
709 2 1 100
710 2 1 100
711 2 1 100
712 3 1 100
713 1 1 100
714 1 1 100
715 3 1 100
716 1 1 100
717 8 1 100
718 2 1 100
719 1 1 100
720 12 1 100
721 2 1 100
722 11 1 100
723 13 1 100
724 1 1 100
725 9 1 100
726 1 1 100
727 3 1 100
728 3 1 100
729 3 1 100
730 2 1 100
731 1 1 100
732 1 1 100
733 2 1 100
734 2 1 100
735 1 1 100
736 5 1 100
737 3 1 100
738 2 1 100
739 1 1 100
740 1 1 100
741 7 1 100
742 1 1 100
743 1 1 100
744 2 1 100
745 6 1 100
746 1 1 100
747 2 1 100
748 1 1 100
749 1 1 100
750 4 1 100
751 1 1 100
752 1 1 100
753 1 1 100
754 2 1 100
755 3 1 100
756 1 1 100
757 4 1 100
758 2 1 100
759 1 1 100
760 1 1 100
761 1 1 100
762 1 1 100
763 3 1 100
764 2 1 100
765 1 1 100
766 5 1 100
767 1 1 100
768 1 1 100
769 1 1 100
770 1 1 100
771 5 1 100
772 1 1 100
773 13 1 100
774 2 1 100
775 13 1 100
776 1 1 100
777 7 1 100
778 17 1 100
779 2 1 100
780 1 1 100
781 2 1 100
782 3 1 100
783 1 1 100
784 1 1 100
785 1 1 100
786 3 1 100
787 2 1 100
788 1 1 100
789 12 1 100
790 21 1 100
791 2 1 100
792 1 1 100
793 10 1 100
794 1 1 100
795 1 1 100
796 2 1 100
797 9 1 100
798 3 1 100
799 22 1 100
800 27 1 100
801 1 1 100
802 1 1 100
803 2 1 100
804 7 1 100
805 1 1 100
806 1 1 100
807 3 1 100
808 1 1 100
809 1 1 100
810 1 1 100
811 2 1 100
812 1 1 100
813 1 1 100
814 1 1 100
815 1 1 100
816 4 1 100
817 1 1 100
818 22 1 100
819 1 1 100
820 1 1 100
821 1 1 100
822 4 1 100
823 4 1 100
824 12 1 100
825 1 1 100
826 1 1 100
827 12 1 100
828 1 1 100
829 1 1 100
830 2 1 100
831 4 1 100
832 2 1 100
833 1 1 100
834 1 1 100
835 1 1 100
836 37 1 100
837 7 1 100
838 3 1 100
839 1 1 100
840 2 1 100
841 7 1 100
842 2 1 100
843 7 1 100
844 4 1 100
845 1 1 100
846 4 1 100
847 1 1 100
848 1 1 100
849 1 1 100
850 1 1 100
851 1 1 100
852 4 1 100
853 1 1 100
854 1 1 100
855 1 1 100
856 2 1 100
857 1 1 100
858 12 1 100
859 3 1 100
860 2 1 100
861 3 1 100
862 3 1 100
863 6 1 100
864 6 1 100
865 2 1 100
866 1 1 100
867 2 1 100
868 3 1 100
869 19 1 100
870 2 1 100
871 4 1 100
872 5 1 100
873 1 1 100
874 2 1 100
875 1 1 100
876 1 1 100
877 1 1 100
878 4 1 100
879 2 1 100
880 18 1 100
881 1 1 100
882 4 1 100
883 1 1 100
884 1 1 100
885 1 1 100
886 4 1 100
887 1 1 100
888 1 1 100
889 4 1 100
890 1 1 100
891 4 1 100
892 1 1 100
893 5 1 100
894 10 1 100
895 2 1 100
896 1 1 100
897 1 1 100
898 1 1 100
899 1 1 100
900 1 1 100
901 2 1 100
902 1 1 100
903 1 1 100
904 1 1 100
905 1 1 100
906 1 1 100
907 1 1 100
908 1 1 100
909 1 1 100
910 9 1 100
911 2 1 100
912 3 1 100
913 2 1 100
914 5 1 100
915 4 1 100
916 1 1 100
917 2 1 100
918 2 1 100
919 1 1 100
920 1 1 100
921 2 1 100
922 2 1 100
923 2 1 100
924 1 1 100
925 2 1 100
926 3 1 100
927 1 1 100
928 2 1 100
929 1 1 100
930 1 1 100
931 1 1 100
932 1 1 100
933 1 1 100
934 5 1 100
935 5 1 100
936 1 1 100
937 3 1 100
938 1 1 100
939 2 1 100
940 1 1 100
941 1 1 100
942 1 1 100
943 1 1 100
944 5 1 100
945 4 1 100
946 2 1 100
947 1 1 100
948 1 1 100
949 1 1 100
950 1 1 100
951 4 1 100
952 2 1 100
953 3 1 100
954 1 1 100
955 4 1 100
956 3 1 100
957 1 1 100
958 1 1 100
959 3 1 100
960 1 1 100
961 2 1 100
962 6 1 100
963 1 1 100
964 14 1 100
965 12 1 100
966 2 1 100
967 1 1 100
968 3 1 100
969 1 1 100
970 1 1 100
971 1 1 100
972 1 1 100
973 2 1 100
974 5 1 100
975 1 1 100
976 8 1 100
977 1 1 100
978 2 1 100
979 1 1 100
980 2 1 100
981 2 1 100
982 2 1 100
983 1 1 100
984 1 1 100
985 1 1 100
986 1 1 100
987 1 1 100
988 1 1 100
989 1 1 100
990 2 1 100
991 1 1 100
992 1 1 100
993 1 1 100
994 15 1 100
995 4 1 100
996 3 1 100
997 2 1 100
998 2 1 100
999 2 1 100
1000 2 1 100
