650
359
2357
80
3097
2633
2886
2365
1172
1676
2372
4653
2545
979
3763
3277
4248
1612
3840
3974
2657
3567
1176
4329
3177
2717
2284
2794
1387
658
1475
60
1271
4046
3752
3430
4496
1368
4289
4989
2224
1502
1462
3326
534
2447
1774
4108
1950
2612
2711
581
3698
1249
4686
432
4842
409
586
877
4576
2809
4055
3229
874
3730
4595
79
2695
4163
1388
3163
4856
1989
675
2914
4490
3015
403
4145
3894
2936
2878
1311
3272
4439
4954
2932
4146
2199
978
2225
3606
4624
3164
4030
794
2194
4376
4614
2907
4097
4599
3320
883
1611
1128
2620
3402
4098
819
3917
2607
3066
4296
3382
2355
525
3855
4050
2728
3194
981
1108
5041
2894
3205
2531
2274
4045
3199
1713
806
2438
4534
2755
4823
2191
1891
1189
2480
4689
4523
3556
4577
151
3396
3702
3099
721
3840
2965
2116
2750
136
4725
1139
2492
2275
3593
4537
1192
5041
2507
4098
2135
3270
4956
2066
5050
4427
2431
925
2725
2186
883
559
3929
4707
4215
3588
3118
2771
1325
1608
1055
4368
155
3255
701
3289
4874
824
829
3197
1047
530
1207
2930
1310
2354
4134
4685
3958
2404
1646
4083
101
4457
3409
2611
4105
3620
2306
4856
1250
1914
1687
2513
2014
1490
1966
3797
4043
3530
1746
4838
171
2043
289
1992
1897
3329
1837
3385
1788
4203
4585
403
2292
358
4717
4803
3640
4860
1668
4378
2843
4145
623
3386
4873
2181
2143
355
3505
4599
543
3423
1787
2459
4942
3261
3638
3024
475
2883
4427
1748
1925
3345
666
3690
421
3461
2305
3878
4877
2819
4165
2088
5010
1263
244
1712
2782
4037
673
4126
1076
3399
4738
822
1604
3819
4307
2120
4976
657
1107
3515
4963
2347
4624
3335
479
2522
2358
2152
194
484
4675
674
1385
88
1489
4341
4487
1289
1457
1739
3882
625
2195
773
3315
1317
358
163
2155
554
3399
2368
551
2436
75
3750
2078
2936
4587
1410
757
513
3917
686
3702
3643
3798
2572
212
4119
1269
51
3648
613
3104
281
3049
4706
622
2235
113
479
4895
134
1231
1719
3084
2623
4695
4637
489
960
2883
1802
213
477
997
2668
3557
4137
3500
4761
4704
2737
4389
1750
3573
3825
1088
53
17
725
3740
43
2656
3871
278
949
2701
2843
5004
3931
1702
1665
2469
1839
1228
3161
525
2526
1664
2778
4951
2771
2417
3022
1098
689
4078
3914
1544
3892
3446
3803
2397
1372
3078
1277
1439
2995
1937
2263
1022
25
3345
2712
4446
796
3205
4873
3368
4496
3983
4326
3803
2496
1511
4332
1596
81
1503
1290
3686
2888
395
1181
1097
1887
784
2070
3544
277
4911
999
366
2562
3044
4073
470
3928
555
834
3898
1046
1865
4269
1595
2197
3778
2180
4978
2966
1263
2684
2247
1826
958
3594
3455
3184
1497
4971
3473
1805
147
1240
4586
64
2732
5048
2719
1442
4238
1609
4146
3012
2533
5050
2782
4120
2234
4270
2288
1995
4087
2776
1849
3756
4440
1971
1656
4542
132
3535
4570
4073
3186
4464
222
1999
2477
658
413
985
4969
2789
466
3811
2551
4597
1361
2330
4464
597
953
4533
1835
3847
2332
170
792
1875
4388
1887
737
2061
269
2714
3888
2630
4301
2727
2768
3044
920
1457
4454
4418
3410
2786
1158
3294
2903
1152
375
2238
1699
3511
3865
3694
1238
4668
3133
2009
3400
2339
31
1991
2448
101
3175
3250
4473
398
1521
2437
3567
2809
2816
3339
4567
4755
1128
2379
3950
3235
3568
197
4295
833
4742
3553
2003
1128
257
2553
1608
2998
4197
504
1042
2355
3107
1801
3871
2300
1620
4353
1987
5002
633
3323
4950
4883
3326
2213
4703
3974
2344
1666
1553
1957
760
2714
4585
2481
2341
2448
3998
3613
521
2242
1388
1120
2669
5050
3666
2545
425
4182
2714
1118
1547
3211
2186
563
1596
3423
3245
1056
4639
22
2746
3027
2926
1664
1529
2095
3907
1395
4549
2929
1008
2386
4427
3521
2745
3432
3297
3905
3339
2163
3303
472
945
4678
2346
4879
2679
4434
2533
661
3318
4341
1500
674
3981
2947
4984
2346
1168
24
1548
1002
3683
3495
2257
2985
1590
3038
2543
4401
2690
427
2988
1789
1639
411
2205
1734
3542
2050
1966
1762
2794
492
210
2355
3398
3092
3382
4286
974
784
4487
428
3444
1323
2371
65
2288
4405
4663
4418
4399
4851
586
1646
2973
1807
969
2379
3225
747
360
2726
1100
2722
731
412
3843
2406
3878
3372
3
4434
1741
2499
4498
3211
2393
3058
2380
457
2105
4804
1832
4486
766
53
844
5011
789
1423
796
4764
585
560
3998
2971
445
3483
1944
5035
2536
3098
3952
4310
4337
1109
2039
2110
368
1625
1241
1582
546
4797
3833
3139
3811
378
4902
4729
1906
854
3383
3479
1288
2245
1994
1908
2436
5017
919
4555
455
4449
2845
121
1899
2154
3894
4811
2330
2707
2058
2161
4877
1093
4682
965
3592
3922
2412
2589
5050
3046
947
2069
4984
4635
5050
970
3739
2971
2990
1348
2150
1487
4249
3322
2328
4361
457
2600
1575
1542
60
4419
2479
565
2718
1779
4293
1476
1510
476
2652
2580
5022
2723
4883
2663
4084
4971
1248
1203
832
1956
2569
3803
142
3267
285
4531
1954
2718
2821
2625
3017
845
1650
2246
214
4141
648
3459
488
1554
1826
4016
4635
717
4665
1108
4271
3420
2025
4407
1373
4686
3805
3690
2571
3785
1498
935
1283
152
466
2285
1880
1230
738
1794
1055
2426
1825
456
3741
2774
2393
2998
2516
2432
1099
4162
2632
2649
334
3180
143
4333
4892
651
4815
3589
2915
1765
2579
2098
1635
526
513
2864
1222
1973
3432
4252
2687
4146
1271
1957
3213
247
3093
3638
1099
4041
769
1825
782
3864
596
324
2821
285
2658
1812
163
3407
126
3432
1125
1268
2685
4842
3123
2589
4151
4802
2557
2432
1896
3087
2963
1012
3179
2937
1783
2775
69
270
2071
2797
2679
2241
548
14
3705
2070
4869
1097
4489
2442
4957
4343
4269
3242
2977
136
504
4952
907
4854
4023
2825
730
3572
905
4336
4225
1309
22
3774
3782
2604
1812
3162
4073
1608
4223
2325
1980
562
2828
3315
1097
861
3876
3916
4450
2991
1795
1159
2323
2321
250
3453
5037
4529
92
4401
4756
2659
2930
4644
3580
2654
4709
2021
3795
3737
3001
2899
1970
3520
709
1300
3996
3731
1114
158
3019
1004
4948
3234
1824
4971
5050
3073
3197
3433
3391
1478
4981
1352
494
4538
3040
1629
3119
4213
1203
4970
792
1756
448
4069
4172
4018
2357
2759
4112
2527
4890
4483
2178
3104
2366
2958
4496
3530
415
2743
961
241
3946
440
4193
3803
2023
3665
99
446
2237
2821
514
4533
2223
2011
509
2348
2498
1171
4026
1625
523
2282
176
4021
3563
1623
4370
909
269
2350
4304
4792
3929
3500
1381
2080
278
2072
4374
3641
3200
5007
2089
4473
2815
1984
1025
4052
120
3406
3971
1527
3828
87
1357
4633
1263
270
3100
675
1661
3067
1417
3209
1032
2222
2715
1376
1365
582
3090
1647
4654
4996
1090
4543
3801
4773
2307
2097
3696
2909
3425
2706
755
1670
522
3024
3754
4326
4726
4734
731
519
3605
4890
1356
806
3804
3177
1720
2558
692
1122
4464
3041
4905
3015
3902
2002
1710
2847
2070
3545
849
3655
3699
1057
1676
4492
1496
2810
955
862
674
4528
948
3296
4506
4385
2835
1450
363
4601
2214
354
49
198
2905
2067
4557
572
240
3820
1726
2606
1126
1707
2484
3837
3660
256
324
3631
2377
4223
97
2855
2593
3492
1836
3075
3540
1064
4262
4519
2812
2183
2305
2954
2738
4058
4260
3024
4624
1566
1845
3038
4128
3975
3159
4182
3179
3040
3462
3904
4667
694
387
879
1463
2004
623
1261
3432
3610
2531
788
971
2724
1227
4747
1355
3100
3010
2670
5050
4316
422
3244
2276
1799
1463
2879
4519
3264
2402
4259
5000
4755
907
1844
4362
4977
3393
466
5009
166
3215
3937
2541
3796
205
4172
2019
207
2806
2578
4284
2825
353
4739
4422
4473
3278
818
2285
3602
1233
4650
699
1922
4023
2755
1184
2998
2087
1118
4245
4587
2950
1022
4211
690
4976
2661
3709
2965
3313
1806
2448
3403
296
2841
4169
2072
115
1098
4436
4194
4511
2164
487
1563
3464
1428
1739
907
985
1929
1578
1645
2488
3775
5050
4552
260
3716
2477
3693
2631
3018
3772
333
2688
2543
1215
791
3243
1136
506
1571
4435
4511
3373
1344
2177
1993
651
2717
3984
3506
92
1086
2543
776
2989
2288
4663
4956
4624
167
667
1665
1335
2912
4403
2937
3501
812
2838
2877
1933
2926
2074
1951
3920
4843
412
125
2141
2284
1681
3179
2753
3148
2720
3477
5002
370
2761
3332
2853
214
3266
2219
3085
1322
4033
529
2668
2791
787
4575
3713
1442
3489
1805
2912
251
2343
1832
2360
2069
205
1773
1268
4090
4131
3897
2973
3004
2732
181
2541
2585
4868
2383
3157
1706
720
3768
2996
234
3603
2880
2846
1004
287
4359
2840
3451
1826
733
1377
795
505
3847
3490
4980
4297
1880
2094
556
3418
2244
989
3694
1232
3297
4720
762
139
3658
3539
4570
799
4865
2747
4768
2133
4430
4527
4953
3819
4992
1386
4595
3734
3971
1672
126
5050
448
2256
3738
66
1263
3929
661
1333
2169
1774
1607
3992
4272
1433
1763
1628
2313
3754
3863
4745
2773
1330
4190
3975
4249
1808
1078
4416
2828
3492
4245
2256
3530
4588
2001
4765
4846
488
1710
4302
1215
533
148
3172
2914
819
1011
3230
4945
3454
348
4925
4317
60
2762
1367
764
2198
3003
164
4385
3736
4672
780
3025
4476
4760
4976
4232
429
4686
1360
1155
3301
3822
870
4739
3793
3680
4870
5050
2195
4708
4371
1794
3866
4480
3418
4487
2812
2881
4780
466
4396
3781
4345
4909
4893
3543
4505
2221
4908
4635
3482
2323
984
4947
3607
3404
4089
656
1191
4086
3790
1562
5019
1086
2253
4577
813
4821
1407
3581
1748
4081
2832
4529
4344
348
678
4393
2637
2419
3373
2361
1616
3333
3200
2614
4127
1206
877
1081
4072
1008
4473
4190
3054
1276
2506
233
4193
1578
2969
1527
3265
75
1696
352
4077
227
4997
1872
1985
1767
3326
3436
2757
2902
600
2786
387
4504
3695
4596
2460
3867
3538
4866
1747
5050
1757
3907
2857
2183
471
2920
4493
474
2196
1524
124
1286
211
126
46
1613
4892
3428
4884
707
481
1804
1425
1325
2109
3740
425
1582
1094
2149
3195
1122
3575
3104
3939
1976
1818
3176
4595
3848
2305
2438
4568
3724
1370
2710
526
2812
540
2690
2901
2513
1780
4299
2885
318
935
274
692
1670
1627
4846
4326
2271
1536
752
4933
3986
2644
2692
1312
4950
3897
2097
2274
34
3816
1124
1434
61
3352
3153
2336
3484
3156
3175
2744
806
4511
4504
2153
3019
2010
1699
1277
3960
1852
1519
1833
2618
3149
1922
1069
2749
854
426
1275
2078
4092
2725
4724
721
2892
3117
2109
1462
1399
910
4537
3359
3186
2907
5050
2368
839
1632
4285
2449
1946
4370
4440
3900
3231
2268
3194
4919
2514
3130
2659
694
3176
2795
3813
4869
560
522
2754
2938
3500
2561
2178
3533
1531
2403
4639
3216
2741
1087
2884
5050
2071
3468
2405
5050
674
2721
1172
4358
956
731
3070
2194
4028
2284
106
4103
1193
2273
423
1814
1540
3950
4542
3855
2176
77
684
4883
3000
3946
1781
3417
4803
572
1655
798
773
2030
3021
1785
1116
2783
1465
2421
2900
1558
4321
5050
468
2374
4403
2914
4023
2368
660
1578
3785
1501
3572
3646
4115
3195
1981
3546
1796
2363
2044
2294
749
4299
1774
2807
971
750
3421
1345
2153
3132
966
1106
1943
811
1443
2197
360
3468
4239
585
5004
177
2087
2151
1267
327
2167
1092
2666
5050
3848
2574
3036
283
1893
239
2149
2376
786
2568
279
1776
3079
1731
1317
2218
3402
4872
3670
4659
2152
1899
949
3311
3160
3140
584
1656
4703
2794
3693
4721
3447
2699
560
2825
1950
2858
1687
222
3549
4671
3449
4941
3943
1744
2180
2506
4853
694
3308
2197
718
577
1712
1078
2509
1693
1917
2937
1879
4241
3489
1592
3593
3947
2456
4016
3702
3287
3089
4865
2494
2588
4486
1519
2911
3043
2117
1758
2095
4393
1487
394
3437
376
4117
2291
1061
202
4566
4598
4752
2269
1830
4296
4960
3590
3233
1873
1930
3690
1165
1238
3897
2546
2112
410
4547
4888
4755
4535
4004
2907
3400
4389
2834
2658
3153
2491
1247
2197
310
2451
2040
2519
1235
3907
2199
1677
1438
710
4297
2579
2819
31
458
363
1153
4794
3661
4630
4768
669
4800
3418
2279
4968
1575
3804
1678
233
3813
3268
3829
1321
1669
4950
2841
2995
4139
851
171
1885
3668
3224
1414
4096
4470
2422
198
88
1425
4350
1019
3102
4569
4826
4460
1050
1938
2501
3518
2580
272
2996
1761
4030
372
911
4418
1135
733
1171
2509
3324
56
2629
1895
828
3113
3911
405
4145
125
2015
3286
1750
3887
1103
1827
2898
330
310
4322
4868
2521
2829
1273
2276
4405
2085
3164
4538
114
157
4095
1746
1699
4093
969
4396
2958
2089
4480
61
2170
4409
843
6
3707
2116
2639
2420
1804
2592
4618
5050
3679
4575
80
2003
2902
1113
2397
2456
1898
2483
3331
2797
4412
517
3984
4494
3033
4511
630
2697
4273
4591
2080
1908
1625
3519
1183
865
4219
380
2970
1007
4783
1270
1279
525
588
4618
3329
3034
5050
2676
3454
1549
1196
834
90
4232
2488
4302
3798
508
4423
3655
1685
1310
497
674
3352
2888
2297
1263
2119
1479
3224
1476
3631
2358
2907
2888
3428
4616
3654
4984
389
2228
3817
4346
3912
4694
1969
4948
3266
676
147
1174
1865
144
65
387
2233
5050
3848
402
47
4320
1941
3575
2642
4566
724
2029
3899
3977
2619
1450
1353
591
1456
1082
2758
2319
2403
2959
275
4382
3181
4127
3368
35
99
3464
523
3291
2981
3147
2692
4072
4283
2967
2438
4261
163
3428
68
2494
1840
936
3713
1538
3973
2822
2838
4825
4561
3536
4519
1715
1171
1233
834
4421
3509
4360
3882
3543
3340
1175
1769
2386
2591
2453
257
369
2118
4387
3610
505
4769
2289
3060
1410
3791
4091
2362
4262
1724
4207
3388
3942
3143
3570
4460
1225
304
3447
4693
1121
4588
2417
1483
2903
1945
4745
1401
1327
1527
3123
4803
1270
282
4967
3471
1818
3243
1172
3113
3092
3649
848
3401
2221
4758
2685
1950
815
1775
1477
2165
4424
1823
3993
2405
597
648
3042
3027
2766
1522
3242
3736
2208
1368
4311
2932
615
1462
2319
937
519
4379
2415
4469
198
362
1562
2501
3844
1096
1541
4989
747
4363
4141
5017
189
2820
3571
981
1892
2879
2048
366
2166
2738
3533
3462
673
1946
4231
2404
563
2360
4659
1112
254
2596
691
1594
3549
1675
1739
54
944
288
2410
1001
3108
2360
3619
2765
1862
1398
2817
2365
2222
3243
1223
3943
2963
4899
3487
2473
1349
1469
371
2361
2683
618
2859
2665
2062
1936
4270
1980
4831
1396
457
1743
4871
4239
4253
3031
3903
395
3448
2927
2683
2442
797
3597
3672
2520
1333
5019
3405
85
1791
3868
3824
3926
1780
1057
703
1062
1738
2920
3163
702
4682
551
230
2389
2237
4374
4276
765
2021
2819
192
657
4474
2504
560
1443
3055
932
430
3431
4644
2503
4355
1236
2931
3084
967
877
672
2830
3959
3586
977
4790
3488
3322
401
2729
757
2446
3281
1200
4221
570
3808
4847
3247
639
4108
2415
2077
2373
4738
4619
4617
2165
2117
1699
4399
846
1953
2430
3506
1742
1826
2791
1057
2840
4618
1065
4498
3900
3566
668
4553
2327
3897
2578
2711
4537
4190
4062
870
3528
245
4123
5028
1965
31
4555
4410
4668
683
3757
1613
1061
4699
2446
1912
4219
2823
1560
2416
1010
2469
4415
1498
2902
2152
758
3843
2653
3108
3202
4490
589
349
2634
2207
3543
2879
2550
2786
2336
3656
1659
1961
3914
1225
4451
3660
3647
865
3962
3208
751
3561
1022
3872
2718
1394
2246
2594
1180
3123
887
2965
4291
3443
243
151
762
3524
701
4184
3614
871
266
1568
3158
3589
3078
937
16
142
301
4180
4576
1255
827
33
2215
1905
1055
3198
3616
182
2145
4453
999
2834
3274
449
806
4112
2790
2337
3627
1648
4784
1574
4511
4213
504
960
208
1473
792
615
283
1108
1344
4788
4999
1106
3525
119
995
4072
4808
2549
439
2032
856
259
4550
3023
3258
1449
4028
958
1478
4458
4396
1504
2858
4838
3180
4250
4192
1205
3957
3886
4729
2629
322
3011
1060
3808
2915
617
132
4546
835
2792
3332
4573
1751
1510
515
2905
4867
1920
1558
1033
2755
2977
259
4688
1310
3100
2964
3122
3115
3753
949
2040
3226
5012
406
442
902
2704
1698
1945
4949
4707
2084
4340
280
1978
397
4781
1514
2239
304
4662
1020
4915
4181
251
2453
656
4896
3302
3146
3097
4578
2175
3377
1811
4471
1937
2624
2553
367
1048
399
4840
4757
2608
1606
671
4266
144
1772
3022
4215
3403
1167
3421
2882
1569
1499
3710
1697
2975
1500
3352
4000
55
762
1220
4695
875
1389
1716
1389
3356
923
971
3246
640
2320
3888
1843
2729
4651
535
1275
3660
1421
1322
2105
1986
4938
458
2486
2808
620
3495
1531
1787
4989
2879
2416
3131
1576
1993
399
3581
4882
3825
4354
1912
4627
2900
2632
4317
545
2023
3193
219
3571
2512
2448
2788
1429
4812
2328
1665
4944
2607
3694
3146
1335
4239
2278
3935
1937
47
3590
3172
2499
1756
1655
966
408
4307
1497
2410
2935
135
2371
1601
706
2987
4278
1131
4116
2625
4289
1464
4248
3148
2983
2778
1347
727
1509
3856
3514
3661
856
787
2217
3497
536
136
600
3333
352
3870
1219
2318
836
4089
736
325
4314
4650
573
2049
4761
949
953
631
4079
4750
1094
4009
2960
596
1935
2408
799
3887
2359
4779
732
3718
4279
2655
3197
47
1457
2169
1905
3707
4287
2749
1307
2324
3304
3289
80
3814
689
3078
3032
1625
62
976
457
1862
1718
1457
5050
3803
3933
665
4425
425
1136
4303
1259
1815
4285
294
148
986
3403
656
462
1777
1444
3639
3484
3693
3893
2546
2869
2929
1673
3559
738
1422
1307
2938
1236
2577
3844
4784
559
2318
689
3245
374
1050
4943
4649
2105
294
1178
1870
3861
3636
1948
831
361
3343
4437
1328
2896
2670
2317
3786
2186
3773
4076
3628
4548
84
1555
1598
3812
1389
2588
1621
718
1847
1012
2929
3214
2772
2206
1586
2314
3335
207
3283
1570
1748
4255
2210
4776
3442
3105
1376
2186
2405
4154
2341
4927
1132
731
5009
1089
992
4045
118
646
3953
2958
1108
3893
2638
975
4578
1187
4030
2935
1365
955
1406
1454
1427
306
1936
1925
3395
1739
2597
4383
1720
4646
1465
1259
1133
131
1633
1537
2246
981
145
762
4927
4280
3194
4681
4780
1387
165
4646
2708
3356
1500
1975
2449
5039
2833
1133
1874
2126
1787
1474
1071
3363
3925
2181
39
613
2716
1957
701
414
2721
3467
1889
3105
2639
3024
1479
3152
3568
1785
2214
3490
4608
4730
3171
1568
587
335
342
1141
4289
1000
4324
4229
2682
1789
677
3340
1576
3490
1530
2020
953
2384
1635
665
1937
1154
3011
3438
726
2157
349
3807
5050
1415
1696
505
870
4801
4185
5050
1945
3649
1706
3663
2913
3666
4633
4881
3647
751
127
3288
1886
4788
925
3174
737
4327
4594
1714
2723
515
4003
3316
4411
2870
4922
4418
2187
2859
1827
3321
1394
2681
4696
4392
2778
4862
2247
2419
874
4798
61
3703
2290
666
4494
2530
959
1712
3075
190
4997
3379
3689
3145
1459
2714
2153
2742
856
2665
4588
506
3534
2951
4495
1090
3033
908
60
4093
1433
2597
4159
267
2936
762
3126
324
2027
2326
1420
2360
3767
1787
4649
125
2140
1755
2287
2967
1044
2382
1480
3076
4677
2926
2452
2009
1021
1033
1931
4962
3198
393
3291
2093
1452
1713
2035
770
1696
2218
5050
835
40
5050
4898
2852
1835
2440
100
1957
3700
2192
586
4265
4515
3090
375
3573
769
3785
2198
2393
1064
2154
2800
1912
2885
3691
1928
413
4385
4829
4488
3008
3835
3694
2101
3545
2975
4165
2339
3411
1939
2591
4483
1450
3460
3302
4007
327
194
3989
4501
4015
3957
3866
3193
2122
1356
968
3602
4572
4576
1959
4553
3495
377
4522
579
4648
2863
3064
3429
2826
1690
240
1085
632
666
865
3175
188
3796
1788
2655
4834
1955
2197
1072
4716
281
3674
2249
1948
698
4616
3906
721
1905
4620
604
1320
4734
3621
2869
4086
2614
2584
4255
4578
4027
3230
5012
4825
2831
4063
1061
2817
4866
4402
2615
609
1617
4384
1186
1241
2541
836
3673
120
4808
4085
1845
4277
1715
4771
1311
300
4150
3350
358
3503
4445
4403
3599
2876
2217
4466
2694
718
4908
3828
4749
3234
4239
4716
486
2344
1105
4365
3616
2345
929
282
4486
4509
4300
3821
1438
273
286
4231
3832
2574
2395
2033
4609
660
1010
3981
781
2228
188
2391
4771
238
2732
3910
1566
4646
4615
2645
2510
1251
4607
2032
2025
4220
1285
353
1633
4825
228
2351
3795
4699
4987
4762
1859
3472
3388
1920
4621
2541
4504
1822
1472
1407
2604
4902
2648
482
2897
3004
2004
4056
4645
4067
1471
4011
3790
4223
347
2523
2642
4413
4611
4545
2615
3751
1289
3685
2432
41
1304
1248
4727
4898
2244
3919
1355
715
3754
1385
2541
718
2456
3106
4259
1860
3751
1381
4283
1662
1966
5050
3320
4551
4014
4039
905
5050
4174
3135
5005
4825
3233
245
4980
2153
992
1228
1133
3769
1680
172
2245
3983
2573
249
2583
2093
3246
753
2994
806
562
549
4924
2926
4027
4274
3368
479
1667
1145
4007
2313
5016
1248
1260
3937
4050
1126
2826
1386
4829
3767
4390
739
3071
2381
122
639
2546
2948
2891
2330
864
1590
1593
3000
3480
1191
4283
519
1868
4170
3772
3835
2664
1232
2539
2050
95
2184
2862
2135
4863
2861
989
2155
4772
4082
235
2856
4771
2050
4020
2439
1262
4038
4393
4700
2061
3915
553
3508
3729
918
70
3207
1603
2904
1839
173
4544
6
3783
4391
540
1846
317
4141
252
1015
366
1499
3264
3655
4817
2517
167
1980
3535
5050
4987
1559
1673
2752
1790
1747
188
2973
1761
3731
1282
741
4591
3837
1029
1207
2117
2440
3923
4935
1398
3203
3108
1733
120
577
168
844
3967
2286
4769
1511
2353
4972
3460
2555
4014
1618
3451
4911
4203
4571
3891
3118
730
2184
3638
1394
4038
721
4502
4166
2257
97
1984
2935
2922
4958
5050
1658
952
2421
4996
1348
430
1863
338
4299
1824
2642
1233
3142
887
2990
1736
4565
3446
1618
2746
3095
4048
3764
4341
3720
1789
980
2343
4306
1102
3552
616
1667
1537
3867
1104
2227
3657
4412
2148
957
1764
4863
1798
454
4246
2512
2507
2481
837
1802
3876
4411
522
4112
3948
4314
2217
3244
1502
4767
4570
2149
3124
2465
97
2132
1722
2354
5010
3528
4663
949
3908
1731
942
2481
5050
840
4299
95
4951
1755
1822
1759
1263
273
1314
4221
2307
1256
4489
1517
2217
2578
3516
3780
2090
336
359
1583
3822
2655
3371
1407
1714
4396
1858
1061
4766
1136
1538
236
1787
4345
3258
1749
191
540
4474
4073
1530
2537
355
1800
1434
1035
5034
1916
1960
293
2442
1659
1681
639
4347
4461
1248
2752
4873
3400
3636
2151
248
1391
4336
278
2198
2863
1404
910
1557
4363
5034
3562
2027
3474
1463
1879
4383
2072
1161
2610
511
1324
4147
716
3259
1048
4050
2103
4088
4559
214
850
2761
2227
4349
4932
947
2137
1928
3404
2953
777
5005
1133
2923
696
1669
4227
2463
3695
2887
2652
4767
3280
1497
4660
5050
3954
1580
1777
4251
2954
1710
4142
371
1766
4304
666
2097
1994
4970
4408
3343
2499
3756
3534
300
2429
4634
648
3420
1519
900
3883
1307
1495
3812
3640
3097
653
2498
407
4107
2712
4878
845
4609
1037
2769
4281
4842
1727
4444
480
1591
4378
4494
4260
969
1129
4766
1795
2333
148
2927
4169
1008
175
3913
137
1877
2126
4653
2554
1334
1521
3122
450
3748
3918
2148
1951
339
1210
4839
1303
78
1256
4367
2703
1415
2184
5050
629
4031
4329
3793
2905
763
4190
3128
1145
5050
2619
737
4456
4067
4728
4891
1819
4738
962
3938
800
4300
3402
1399
4460
1971
975
3786
1377
1390
4829
1087
2949
1184
4297
1453
2923
3969
3558
1500
2107
919
2112
976
2244
1281
3698
3778
881
3771
4589
796
2817
3345
2126
2194
3327
4399
3099
2312
4899
164
1837
3990
3838
334
2585
4093
4437
3305
5050
4345
1051
2763
2316
4961
3124
3689
291
3699
3617
996
1657
2631
4419
4311
1991
2864
2182
1009
2738
169
4488
520
3039
962
385
2958
2274
2359
547
1201
197
1421
4471
956
3425
741
4835
4894
3020
3738
316
2463
3551
1190
2223
603
3793
522
1855
4324
4842
1500
3498
656
4474
4068
2020
3379
4573
2912
1453
3869
4988
1311
2677
2832
4465
1991
3600
980
416
316
2226
802
3173
2448
4302
1232
3224
841
4247
3656
2241
1249
1660
1625
3231
1132
2483
4894
408
3458
1870
1963
4787
1567
954
4066
395
4558
2354
4511
1004
2343
2227
1289
3665
4693
3020
360
1494
608
4529
3127
407
2035
3109
3471
960
2402
4541
2840
2146
2841
915
1359
4772
2582
4803
491
4263
4918
4566
4161
1239
2945
4651
3023
4941
1794
1570
2041
3835
657
2469
2089
472
2575
679
5050
1646
2622
437
4962
3484
1609
1825
239
1773
2517
1305
3188
2359
4267
84
1554
2834
2848
372
1804
4398
3339
1260
990
2665
3917
4919
836
2407
3847
38
666
3752
2424
4305
2085
1211
1657
1190
4507
2232
1825
4864
3111
543
4756
3435
1346
1918
3125
460
1392
335
2057
4437
4611
3925
2310
1156
4063
4879
4931
4798
3134
504
2773
1655
1925
4167
1139
4791
278
1037
1759
5001
1088
2143
999
3162
4820
1487
813
4880
4951
2877
4153
4353
3400
4677
2557
4745
1784
4125
818
2858
1739
4450
552
3776
1148
1192
108
1353
2039
478
4341
2216
350
874
4645
614
2992
2813
2940
1360
2811
2466
2610
1279
3779
1022
4444
735
1413
1601
4209
3233
4752
3098
2412
1753
4779
1079
4612
4705
5025
1592
2023
3198
1147
4768
4950
1310
3274
2342
615
888
4580
5050
4952
2809
2815
2806
4968
691
3511
1617
1319
4928
746
1937
4331
4224
4707
2515
1418
3542
1614
3654
3770
3411
1716
3315
1095
4884
347
1124
3278
4932
1605
2863
1374
109
1953
4783
3008
990
806
2472
1732
1644
3719
837
2273
3851
3196
3554
2519
1165
2293
2604
2547
4498
2789
3019
3704
3449
3780
2053
3567
4045
3593
2
3045
4705
1441
3543
4868
2074
1024
2735
1411
1314
1153
206
1180
137
426
1659
2888
4128
3145
3494
3195
3492
4233
2024
3501
4004
2189
126
1697
776
880
513
4728
1464
1186
2192
4424
4922
753
3534
780
778
2289
4185
1919
345
3870
78
4865
2061
24
1853
3684
3669
1360
2352
1561
4991
4755
771
3047
3726
2578
1724
1155
1211
3818
2580
2459
2042
2996
1942
1301
4589
4747
4439
2433
1081
4862
3311
4184
4174
1857
5050
3690
2844
4365
1656
2937
2230
2409
2308
1237
3310
4237
1977
4409
4621
229
2305
1599
876
1727
1365
3112
2366
2031
902
3802
319
1143
1664
1216
1229
1662
3232
3209
2249
2667
1734
750
1425
2163
386
4453
1867
874
1688
2345
2531
2634
4340
1674
2275
4340
2912
5050
4285
228
1477
3294
1686
132
3709
1274
2288
2579
1016
1547
1252
631
2424
814
3063
3665
1862
2655
3937
2781
1581
2516
4477
1969
1531
4309
3754
3477
3240
4438
2243
3512
897
2424
888
1954
1519
3297
2217
4560
3940
4526
3243
3820
4309
1579
3082
1032
3188
1643
2676
2041
4131
2681
4687
4145
2089
3396
4822
953
813
2699
3873
1010
2804
2350
2327
945
3433
2944
940
4324
3025
797
3760
4060
1969
862
1025
375
1902
1547
826
3735
678
2977
1145
2557
493
503
2340
2455
2070
723
3130
592
717
2001
274
2572
4065
558
941
4381
4817
483
1663
776
2400
3990
4608
2039
2733
2501
1231
2174
780
526
2163
3539
502
1970
4587
4065
4247
287
4915
1845
2034
4595
3465
1921
3548
1620
2483
3986
1731
899
3791
2782
416
4341
2072
1388
4940
769
854
345
482
2051
3266
4512
4569
3351
2144
138
4746
1692
2611
4166
474
109
3436
3665
4940
1692
2569
4332
3619
4170
2070
545
4665
3784
1119
4937
2339
4951
4609
4470
697
128
2834
4789
4313
4293
695
29
2608
2388
824
4962
1812
286
2662
3560
276
2646
3413
3930
1412
2348
4557
1573
4827
2613
4667
2702
1039
1210
162
1308
2161
1257
3170
2908
4083
4676
3942
1879
423
4840
1811
3122
2976
4124
2680
1551
2631
2765
3408
4056
3335
2832
4813
1844
1637
833
4729
3666
1044
2864
2995
4350
1179
2275
3599
2903
4712
2263
300
5045
3036
4313
29
1278
3042
841
3056
1290
244
998
1229
3296
3625
4027
245
4000
559
2130
1650
581
4903
3828
3574
3910
4181
22
3373
4119
190
2376
3408
3735
3121
2608
1079
4870
1955
693
917
4617
4796
2238
3365
1203
4515
2587
3557
4331
448
140
941
1954
3167
2761
263
3807
4372
180
1679
1775
5011
130
4515
446
2998
522
2249
3325
1687
2112
2874
787
3089
4760
300
1402
277
1350
740
4102
2328
2172
2586
4980
4405
981
1407
3193
257
2516
3088
2389
3661
4807
1607
2859
3402
2300
4988
860
3586
1262
3022
3104
1568
4845
1032
587
3478
2522
1534
1832
4670
791
4732
3285
4819
5049
4266
1698
1549
753
3479
791
3902
4175
4861
3756
836
891
2827
2775
2378
3276
3111
1230
3455
3091
3333
1733
745
1087
1957
1340
3225
3579
459
4585
968
1062
2489
3993
254
5050
1573
4241
1582
2413
406
975
4783
2963
479
4485
957
4673
558
5002
2342
3207
4053
1101
3703
1531
136
4524
5010
2676
4718
4532
25
1768
477
1538
4889
4149
2970
1381
4506
2079
3017
2789
5050
4006
93
2095
2474
1386
2377
795
4188
1151
2011
4800
1731
4162
2285
2054
4914
3533
1490
4749
4104
2590
2467
1205
3822
919
531
3175
4732
1634
3808
2278
2637
3135
2336
2999
3238
2129
1723
1012
2432
726
1724
1688
1413
416
3854
1357
3202
4627
3348
1558
2097
3505
2317
464
4701
2324
3822
1803
849
1891
909
930
1571
3546
2991
4877
151
3812
717
2959
2102
3458
409
3984
751
396
691
1075
2873
4772
4460
198
4649
4491
458
1945
466
2687
1794
878
1037
2175
4128
929
3002
3099
2958
1637
2124
3774
1156
3338
2530
834
712
1568
2484
4506
1076
4500
3308
1107
1132
2514
4749
4245
4773
4035
3686
3414
571
3687
2716
204
1615
1137
1187
1637
3093
1506
3792
2795
1432
3061
2766
2070
1317
654
3751
354
249
3442
3731
1167
2956
1170
1387
2186
2268
1913
3677
4058
3820
4876
1348
2040
3552
3084
2100
552
4316
4575
4420
324
441
342
2699
4669
3903
1989
2673
4290
4170
2338
4757
3718
3284
885
478
2404
353
834
1506
2573
1630
2913
3995
4588
2128
5050
3938
2186
647
1336
253
98
1425
3867
1779
2982
2697
4055
1425
3627
1953
2921
2810
4381
4597
2578
394
4677
2210
4640
3220
3306
3581
111
4113
3216
1965
3772
3108
3510
1191
1718
2980
3092
5050
3954
3898
708
4212
1787
4661
4645
4168
1596
4044
1463
3398
5050
4327
3210
2480
4651
4321
1509
726
2934
3873
2024
132
2606
1418
2990
763
3663
2901
2917
4585
1822
3998
1638
2328
297
1923
2170
4900
3229
2531
4153
3998
3620
4417
470
1444
4056
364
4695
3847
3935
772
2626
4395
3123
5024
677
3022
3944
3772
3912
2959
1604
2593
4739
4991
2170
1662
994
2506
325
1403
90
3321
2285
2963
903
2774
444
718
447
3829
4647
1126
1036
4807
3817
2102
1351
2872
1283
3190
2721
1079
1383
193
1358
2989
699
3028
2928
3
4533
2509
2395
3013
401
344
4273
1703
2994
2696
3834
4393
821
625
2767
2490
1738
4357
4048
610
1332
2169
4666
4762
1023
1531
2433
4839
4652
4542
2278
382
1124
3044
4663
726
4066
652
3811
4206
1977
207
3432
3529
4688
4281
790
1811
1765
211
354
4546
3959
1800
4263
2401
3917
4179
3246
432
1012
1063
3495
4003
4678
4902
538
375
2502
4743
4088
4555
2464
4530
3679
4906
1955
4736
237
3474
2154
1507
2545
2466
4394
74
4361
781
1635
3740
668
199
4550
3544
3996
1251
4139
803
4911
3902
3093
1346
2710
2366
4310
4553
1279
1056
3404
750
5050
2451
3605
645
2642
803
2982
2171
1501
3885
2833
807
2073
650
2588
4747
2556
2195
304
3507
2001
140
91
2783
2730
4038
2461
4040
273
1593
419
4161
3694
324
3670
4851
968
4805
2584
1946
4186
976
578
707
1760
2136
969
4697
2804
3035
4027
2695
204
4109
2494
728
2722
2410
1832
896
2611
3648
732
3144
1338
2926
2038
1110
156
3217
1961
885
3078
1557
136
4589
2875
2568
4137
716
626
1014
1054
1320
2482
1554
4407
4994
1295
1516
2178
710
4596
1975
1648
2869
4808
4181
4314
1192
1865
3986
3166
1893
4820
444
2180
4907
4151
1916
851
3597
2376
1137
1514
3641
4168
4752
1874
646
4909
4920
596
1656
741
4651
856
2054
869
3384
3757
3328
4567
2748
1786
767
652
2080
2932
3330
3000
3558
2076
4870
771
2612
152
3099
2919
3142
4618
2111
4940
1067
4782
2814
794
3081
4676
2157
4578
177
2458
3165
2835
1590
4365
1589
127
4972
3421
1671
4516
1817
3972
2483
3182
2285
4376
1242
532
4695
4694
97
1514
232
2623
1510
4086
1071
2237
4805
4431
874
2512
4684
2988
4459
1706
2998
1639
1929
2052
453
2965
5017
136
2799
2775
4803
3280
1911
3711
2141
3317
1164
1514
3269
4374
2989
1464
3515
3559
2050
2463
596
4489
675
4990
102
4479
1474
2909
4713
897
280
2028
4869
4250
3544
3161
1656
1940
2041
1309
4593
2707
1218
3482
472
344
325
1214
2658
831
4502
4335
1955
2746
1650
2949
4819
1765
669
876
540
4511
1135
3863
4236
1102
4304
2059
3082
5050
3438
4269
4558
2467
2264
3632
4011
1861
776
2694
1656
1074
3151
1855
2031
2287
4584
2738
1748
1151
1802
3334
4724
1868
286
2374
2134
4045
4454
4969
3237
887
2154
3036
4452
2081
2489
4167
2979
4690
4621
4792
1781
1576
551
3080
4160
865
723
2967
2286
2077
4528
1897
4688
1583
85
3398
1818
1093
1820
3760
4389
3487
3933
953
3196
3555
4846
4243
4416
869
4674
1879
1813
3254
1290
1490
3603
1803
1895
1658
3200
3233
3498
4333
2756
643
3425
4270
2282
3982
2272
181
914
4042
3667
2749
1453
4504
1982
3492
4834
3276
3692
3685
4355
1083
2204
3955
373
522
1815
520
2990
559
3565
3461
1721
1134
2633
5050
3232
1624
4066
1935
3656
2436
3321
2917
885
16
291
1433
1666
4477
402
4834
5002
1291
522
3155
3610
3427
3407
288
784
2338
803
3557
1865
3041
1159
3355
5050
532
3144
2054
106
2509
4873
1302
1827
1725
493
2611
1894
1976
1635
4710
4708
1980
3146
1713
2759
4715
1183
884
4128
2916
3878
729
4634
1199
609
1258
2357
4456
1231
2185
2636
4791
2456
1701
535
1153
2640
4073
145
3951
4647
1156
1176
2652
4870
898
658
1736
4523
3226
92
4932
3470
789
1734
2496
377
369
4148
4543
638
216
4563
470
1362
3041
3160
407
1777
2011
4762
2474
889
1657
4198
1443
3731
4107
3560
2872
4613
2810
4920
4887
2372
3176
4132
3951
5019
3095
2764
4062
231
3457
1886
2346
20
408
4882
1142
3065
2623
2206
592
393
1941
3112
71
1060
3011
1315
4089
3648
3048
2044
3689
619
975
4404
2481
471
3976
3311
2346
4278
3245
4468
3029
4642
2035
2508
2631
236
1967
1706
4087
4452
1826
257
351
2729
2726
2043
4824
54
2338
4769
598
4339
1352
3051
4254
2867
1348
284
3841
3541
1592
3250
1411
829
551
4319
893
1577
2457
3244
3346
1006
3331
3174
3097
774
338
4387
1374
3218
343
4200
1759
3560
2920
2190
3775
1731
3431
2487
2157
4580
4740
4714
2648
2726
672
2431
2411
1493
838
1258
2788
1925
2441
245
3687
2214
3538
1921
1770
2979
1107
1817
2407
4449
3413
156
55
2889
3476
312
4963
4372
2537
1080
3040
1961
2089
122
263
1326
4050
4710
2468
5050
1308
4253
462
2358
3008
421
4500
809
4849
37
4213
4495
1474
1363
3076
1711
4989
2835
835
1055
4516
4189
666
1620
4476
3811
3587
4714
520
2483
2698
2961
5050
4522
167
1263
4171
1148
2505
4165
1693
3169
4865
3669
2147
2737
599
3543
4752
2566
1722
134
1499
2598
408
3887
1042
2329
3735
2903
3164
2855
312
574
2024
1564
4480
690
59
3351
3967
4753
1130
2755
3039
3473
1096
918
1606
161
245
1871
335
3417
3248
3309
4974
1029
4164
1113
2692
1725
2920
3992
4139
4604
3040
1367
1715
4976
173
2812
372
3676
798
4134
3545
2275
3833
140
1031
1132
574
3284
4470
5038
4136
401
1930
2679
3749
3746
483
3942
3169
131
4958
356
4873
1789
4704
35
2199
96
4463
702
2369
850
4752
321
5050
3481
3499
570
813
3859
4765
3780
2857
1239
2865
1501
4592
3177
3402
22
1789
2337
707
113
554
4819
2880
2947
2703
5010
3221
94
1527
4208
3396
1744
2485
3622
1790
5050
79
3731
2136
4166
1025
2283
4086
2870
1279
1819
1182
1759
1890
1343
2482
986
4266
2592
2569
1365
2154
956
276
3735
5050
678
3983
1364
4927
788
242
5050
4214
585
3703
123
4478
2536
4552
4432
3282
621
3361
559
3055
2085
2319
1872
531
4653
4624
3460
1932
1665
242
3416
4948
3716
2045
2343
3057
3659
1221
4988
3858
3995
4891
4336
1509
583
2466
1643
3926
1714
1713
2491
538
758
793
2298
1431
971
2924
261
553
2976
3484
856
2343
547
847
3338
1511
4921
80
4033
556
1359
1427
4784
4698
3257
2446
1590
2123
148
613
3209
2894
2026
422
2423
778
4287
4979
4380
1577
1557
2252
1671
4144
3688
2343
3913
1262
962
3230
4349
4689
3832
1756
1433
1105
2807
2442
813
2531
4854
4028
1228
4003
4846
138
1826
466
3531
2704
1284
1951
3778
206
3055
226
68
4766
644
353
304
263
441
404
4288
692
2378
4055
1006
2387
823
3946
1213
4008
3166
1172
1906
3241
4999
2081
318
1624
4783
1707
321
4722
380
4202
3539
3567
3710
2451
31
2886
2140
2059
4301
31
3531
2925
5037
1219
1616
1681
3881
2156
4979
316
3870
4129
3504
4513
5050
4247
304
1597
2153
4320
2491
3442
5050
1234
1098
2890
4328
1205
1240
1396
4828
1361
3142
3355
5035
248
1546
3095
4456
4204
401
2272
4144
3530
3954
4396
3281
3738
3548
1934
1622
3675
1959
1545
2099
2484
707
818
4774
1184
2778
2270
4947
3559
82
3713
2744
4815
509
3619
4907
5040
602
2506
904
2609
3909
2778
395
4536
666
3411
4752
2367
4650
4779
2567
3862
2864
4366
455
526
4613
3191
3542
2203
2085
1964
2755
2454
3787
2401
1894
4049
4290
2427
100
3486
1644
1156
1888
2528
1119
2511
1271
247
3038
4314
4347
545
3797
2047
1349
1831
4547
698
4741
547
3897
2752
2926
715
4861
2982
2439
519
830
685
2636
4054
4714
2103
3728
1206
1415
4648
3555
1621
2911
3029
3148
1080
4832
3357
2231
3304
3504
3590
2905
4042
3730
2671
1268
1646
3605
3910
2435
4646
979
1540
3572
1482
2733
3033
1968
879
3869
365
3723
4395
392
2727
1328
4080
4455
4519
3937
3060
3881
1285
3452
2172
1661
964
1964
1854
2631
4322
2862
4648
809
4000
4725
2958
1052
1166
956
3165
125
2813
1638
526
1535
1476
2818
2816
4092
595
1212
283
4527
2549
3801
1184
905
4131
539
2077
1234
4222
4399
4543
3891
3050
4693
5019
1309
3742
153
854
2033
2341
598
740
3559
2338
2841
2956
359
1356
2339
1480
4331
4817
2248
1960
4729
2461
2323
466
2515
4358
2201
2317
4828
1352
4337
2606
1241
4253
661
2582
3158
2127
1772
848
3444
807
2807
1738
4100
4428
4190
3917
757
3070
2835
4145
812
4894
3067
81
3231
768
2672
2171
2381
212
2731
3213
4524
1200
784
2381
3120
1887
29
1867
4133
1429
3984
4948
46
1499
2626
4389
4782
2005
233
4852
3975
4450
381
3448
358
3906
4091
1246
1274
2668
1696
3030
2401
3740
3655
2580
3497
1849
126
4445
1884
628
2338
3210
4339
1627
945
2871
2681
4317
182
1897
407
1183
1032
3807
2741
2183
4770
2894
5049
3355
2192
804
5050
4316
1024
3490
2018
2439
708
2325
3582
346
4872
2362
3394
3640
4853
741
4595
2571
252
2254
1599
731
2286
2505
82
1697
1507
1071
411
4430
3496
1831
1940
2584
809
4065
2330
90
4054
1010
4425
1073
154
403
698
4756
4620
3965
2881
4663
2689
2513
386
4019
3722
3517
3695
108
4469
1199
4778
3348
452
2417
3391
4595
3294
1855
1883
4639
3619
1369
3889
1300
3975
4145
2097
4241
674
2204
2584
2298
3790
2344
1459
4100
3606
3771
2488
3052
21
291
2538
2547
4494
1129
3417
132
3347
3129
3678
2709
2089
3532
2818
3319
3680
2458
377
1544
679
4152
3291
2838
1823
2359
3076
1922
4594
3453
1562
3857
1261
1335
3573
3794
4939
4350
1241
94
3976
3484
4359
4012
1056
4680
4252
3972
4472
3205
2549
5021
4550
1282
374
2728
2712
4826
3593
974
223
3232
4067
4280
1035
2041
4960
2818
1585
3422
4093
4704
3006
1470
1987
1630
77
1074
998
4144
4876
2528
4848
3917
4468
3381
2493
4150
3981
2794
4989
1531
1413
2739
3479
4870
513
763
4178
226
603
3900
3341
2246
971
1944
4414
3718
3082
370
44
1414
3410
1885
3398
475
754
4304
408
2904
1653
4198
4431
621
2412
1842
655
837
2880
1661
2185
3545
2331
2234
3707
3628
4232
704
3006
2456
490
1416
2471
3986
153
1064
4673
1889
4715
4501
2151
1287
798
3511
196
696
3749
3935
2840
3818
3034
3625
3670
801
1321
3793
888
2252
4482
2144
2160
4709
2813
4904
2015
1191
548
4090
4742
4411
1219
3141
2944
2665
751
1453
4042
2416
4580
1206
1384
1788
1885
2045
3953
2173
2644
2996
4402
3273
3707
1958
1181
2712
2837
4434
3258
2828
2981
1703
2812
1993
1133
1276
394
2481
3070
3704
1688
1837
3726
1759
792
1156
729
1695
3259
848
3559
959
3208
4455
1848
3110
3746
3168
4806
4982
3767
5050
1677
4899
2071
2847
2287
1351
1525
2587
4435
3655
2250
4803
2658
349
4005
3988
2493
3527
1013
3009
4629
3001
2343
2732
2213
621
1148
4161
3893
3937
1594
1482
2181
1609
1398
4723
3392
659
650
2615
2764
76
336
3517
3454
4047
3055
1847
3321
4324
2005
2503
2314
553
2768
3584
1733
5039
637
1087
3033
3477
274
5050
3595
3947
4081
304
3720
5050
2561
3711
568
1810
2724
2513
2018
3105
830
327
1983
2902
2992
3592
4114
2465
2439
1646
2506
1312
94
1447
4253
2653
1607
2808
3756
4803
563
1127
2377
1764
1831
4666
2941
4822
1455
4163
1259
2676
4476
525
745
1364
4499
2043
1383
2129
1665
1646
2655
3220
4585
2559
4123
4830
1384
3769
2359
1479
591
1867
1664
4976
897
2525
114
163
3805
416
2220
1346
2308
2900
2610
1976
464
1009
2760
955
3344
4439
4502
3996
4202
1747
1974
877
4493
3698
2396
1214
2943
3344
1000
70
1775
2771
4196
3129
3712
3053
4233
2992
1286
3731
3938
3422
4058
3388
4577
1644
2807
4334
3033
2615
1483
778
4083
2115
520
2400
2839
4808
2580
4699
2327
945
4450
1429
448
3427
4970
961
4431
829
1812
4736
3514
2273
4383
3638
3860
3994
2140
2586
5050
3715
4607
3027
5008
4823
2341
4074
2727
4166
2502
3052
4001
4809
4444
4071
3187
3172
790
332
2558
1559
4915
1434
4573
1579
2181
585
3671
515
310
3583
4139
3551
4044
2492
1199
1325
3301
4269
857
4041
2308
4799
1541
321
4508
122
2648
1591
2918
3709
2102
4397
969
1672
2297
4274
1130
2341
2185
498
3478
3932
678
1554
3854
3881
2977
4079
2090
3678
3273
4481
5041
2590
2583
4633
1662
380
5018
4853
2044
633
4153
261
3587
1438
5050
3600
3893
1419
301
4459
4953
4184
3900
4956
4869
3057
3625
4314
5050
2456
4264
368
2249
1131
932
2749
4495
5050
1484
2234
3782
3845
538
4188
3442
1948
250
3082
17
38
540
1641
1562
1497
268
887
4963
5043
2600
5050
4037
226
2292
2037
1014
2814
280
4912
1626
3577
2017
3512
1738
2902
744
2847
3355
922
4159
2364
4102
3138
3662
1361
1812
3846
5050
1940
3884
2777
2523
3841
2027
873
542
1168
1793
3598
2779
3467
2474
3145
3181
2953
976
525
249
4276
3216
4170
3870
982
2183
4942
2373
2397
929
1950
284
2262
3993
2666
575
2345
2405
1222
4541
3818
1876
4517
3637
3440
4473
4554
1845
363
2128
246
87
4986
753
84
2159
2747
485
4853
3584
1539
3970
4857
551
3440
657
1167
2520
886
2510
3050
3947
1761
1914
4021
3600
997
2369
4469
2141
2445
3518
4952
3869
3110
2891
2381
4974
2629
352
3136
4493
3232
3107
1801
4302
275
3443
4496
836
2189
3644
3251
1038
1359
3077
3960
1359
1400
725
1667
755
4326
3950
2745
4139
1538
2903
3655
1575
4542
3815
3744
1835
2346
2063
4434
1934
2223
3241
4728
4832
289
2335
3884
2264
2611
5050
2436
897
4123
56
3745
2675
1100
4977
1809
1217
2117
2871
112
1361
2239
857
2777
4538
1520
3750
1202
4578
3292
602
2568
123
4808
1852
2373
988
385
882
1009
4847
1257
4157
2411
751
4435
3563
223
1227
3866
3892
4611
4898
2885
4157
2990
4817
2834
1138
2437
1362
4605
641
1512
1033
1692
1300
3410
1510
4926
1892
2407
4091
3955
3182
1518
2272
1996
2334
4184
3185
3889
2065
1003
4298
3994
2091
2419
2183
4729
2876
1958
2330
2114
716
2184
3826
2112
214
509
4754
474
693
1328
3598
2530
4877
4615
3387
4848
1327
557
91
766
4893
1839
367
3341
1594
4866
3877
3417
2698
488
1194
1219
776
1314
4730
1147
3463
590
3201
4720
3798
3339
730
2514
1003
3737
4865
3820
4878
3645
2866
1107
2262
3117
4950
4610
237
3028
4696
3273
729
84
1264
3850
4357
2052
157
3670
4480
4086
4153
2248
2416
1052
4552
1503
1297
1891
3027
668
2118
4850
4210
1120
3859
2559
3892
1433
1998
3397
1634
1258
1952
2551
3572
3089
646
1356
1588
3279
4273
2530
1368
4437
81
4119
334
1110
3463
2060
1962
1046
1301
3877
1243
4136
4256
5050
225
3935
4095
2498
937
3736
3096
993
2261
3606
4754
4894
4343
158
4523
2015
3245
4477
4027
2342
1137
4798
1688
2115
447
1020
1017
3166
2789
2068
482
4109
2563
3274
406
2349
3204
975
4173
4552
4323
2289
144
3706
1620
934
1092
4527
1922
2622
197
1391
1976
550
4398
758
4246
4568
4463
1204
4119
4005
4408
3685
2812
3032
839
2528
2054
1649
2282
1437
3674
954
504
3719
1267
2407
1590
774
137
2048
2944
907
2669
2838
4236
3533
5050
23
431
3681
451
222
1993
984
3505
250
4857
1936
2053
4482
443
3508
317
2131
4812
1534
233
553
4422
1155
3680
4959
4348
4141
3487
61
2573
1974
343
3061
1724
1936
1629
361
2442
2965
3596
4059
4779
1909
4929
3513
4166
4220
869
1746
4830
3478
3129
850
4875
5013
4353
1296
1864
4113
2075
4138
2628
56
2548
103
1408
374
2864
4984
1186
2127
4421
3968
1814
593
1776
3108
3066
2984
4361
3879
4410
4143
2586
4849
715
5035
2466
974
471
1481
4088
2821
3391
4944
3398
2941
4169
2311
1059
918
3113
4096
4349
3428
1642
1815
3265
2798
1487
294
4397
2578
2285
4594
4570
48
3636
1776
4964
160
2673
4322
3236
3876
2369
2517
960
2492
2916
3323
3096
4983
907
2103
93
4034
1669
4372
4590
3427
2060
580
2166
788
4677
3259
369
2955
3877
4940
3773
1718
1943
727
1701
2695
3320
3902
4843
2790
4109
2172
3163
1014
4769
5042
763
1760
1329
2552
4656
2312
2909
2162
268
1350
1891
2459
4686
1331
4330
481
1837
2410
570
2222
197
2021
520
4977
2518
1377
582
2575
3202
2362
3824
3011
2433
1387
1899
2455
2691
216
432
4080
3597
2912
1274
2463
4887
3666
936
974
4870
5045
4263
3074
1602
4126
4394
3614
2794
4067
4565
3187
1347
1970
880
2559
3968
3769
3498
545
2895
4790
3158
3751
1649
2268
2983
1018
4657
2539
1126
761
4910
4071
739
3596
4892
438
25
2764
696
3741
2601
5050
695
2228
3103
220
4666
1938
552
2341
1209
2161
1802
2219
3944
2973
1818
852
3544
4463
795
101
2281
3525
1542
602
2572
1815
3947
3066
4708
2299
320
3187
3501
913
2750
2770
2842
1248
3770
3600
4298
1900
3513
2772
3531
1735
4178
3849
3543
4491
859
4793
4013
217
5050
486
4934
4193
2041
2269
3131
839
1568
4857
4619
1159
1783
4407
490
1593
4868
2883
617
2949
459
2864
1229
1999
2592
2393
203
4833
935
784
2145
3366
774
4394
1553
1876
2559
1509
4656
2634
717
1868
3602
4143
4526
873
4694
3643
1088
1103
2842
3237
1599
3002
3176
5050
4463
4159
2183
747
4303
320
4166
4489
1514
1266
4360
289
447
117
313
4951
1538
2110
3691
531
4963
3164
3368
4777
2700
2700
4246
990
1078
4792
2958
554
1552
2687
863
1800
2815
3287
3519
1162
190
1291
568
3994
1193
4760
4702
4923
945
1986
443
3441
1408
4561
4180
5050
4505
4665
2636
1493
2107
5050
2623
3711
467
1957
3038
1422
2171
2324
4835
1672
3631
917
77
3141
154
5050
1063
4276
2723
1272
1273
3713
3622
3408
2568
2097
1107
3031
734
1118
4533
2600
2007
1148
1052
4780
4474
3822
720
3889
550
515
4441
1425
4696
4582
2012
579
3272
852
4225
3884
3757
1733
81
4783
3464
1622
812
2179
1214
2916
3748
2301
1792
1307
3536
2427
614
3303
1645
3033
1804
1028
1465
3938
483
3613
2897
3229
884
327
2020
1360
142
2411
1709
4583
3283
2738
2465
4228
2420
4488
3625
362
3855
4161
3207
33
27
2140
372
2888
4204
2688
2919
2988
3703
998
2770
4027
823
636
3861
4346
21
1496
2207
2537
828
192
4360
4343
612
1516
594
3964
1696
4242
367
1360
2163
3729
2143
3708
365
474
3600
3299
1630
3224
479
2393
1284
3633
4258
678
3179
3812
2875
3004
2072
1961
4327
4217
3285
100
2931
4303
655
903
4921
1207
4756
2478
2336
3734
4414
4356
1485
1671
2918
1060
3531
4188
4516
4812
1120
4833
696
2788
118
4812
1085
1876
3209
2801
2762
1347
5025
607
572
2591
1862
3705
1508
3476
2844
2423
1667
326
3241
4059
1893
2076
2932
2867
4636
3061
1065
4778
254
2681
1013
2077
2825
2962
3464
1903
507
67
3511
3601
2120
4955
3190
683
2732
1805
3301
3551
4469
5050
851
1084
4184
1084
2774
2236
2190
4360
1544
2550
1829
4214
3123
4345
3123
901
306
1836
4731
2238
3230
1011
4573
1312
241
162
4500
1481
2329
1946
4866
4722
4016
4346
1634
4608
1363
4787
1228
4092
2706
3394
4333
165
4427
954
1773
4884
1052
707
1558
4393
1754
3562
4868
3431
2901
1424
4186
4501
4472
614
3540
3079
544
4284
664
222
779
3022
1231
1960
800
1305
3668
722
2808
3142
5025
1272
1574
4643
4530
3224
1585
3059
479
210
459
3058
1553
4434
4706
2846
1135
1623
4144
4899
2940
1279
4552
4133
2305
950
4868
889
557
3358
5050
4724
4652
3932
1980
3702
4465
3677
2631
2723
1203
4764
256
4539
3957
3927
2087
591
582
202
3093
1683
2992
2817
3611
2981
1146
2565
2693
3054
3023
2156
2249
2252
2908
2451
1284
2622
1328
3329
3579
4374
1269
794
592
2276
1395
5036
4393
4981
2364
460
4341
1779
3442
1117
4599
4338
3743
1459
814
3041
591
3822
1126
1567
2130
4540
2119
2929
4131
839
1726
3870
4187
4041
4307
1818
2867
1168
4073
336
3017
1452
466
4969
212
1128
3032
4802
4775
4003
2384
4164
4948
85
3866
3506
4497
1538
2296
3110
4304
688
3998
4305
1283
3550
2719
2433
4727
1306
607
1025
4953
1127
3891
4155
1466
2663
179
1410
2227
2374
904
882
2527
489
303
4889
1848
721
2426
2879
653
389
1221
4935
2746
3990
4890
1421
3414
369
204
42
810
1608
3739
3159
3221
2965
2478
1373
2772
1867
915
4110
872
4686
2543
1254
1741
203
3665
4689
4474
776
4798
4507
1577
3078
4623
2399
4742
1721
4937
4483
2085
1914
273
2578
2434
3172
4501
3430
4298
225
1953
4452
4809
3264
1244
3892
3638
2789
624
384
1456
3445
144
3640
2308
2798
3986
512
322
429
821
3157
2657
2499
2126
1524
3061
3357
2997
3464
2164
848
498
1070
2103
2693
4416
3839
222
3042
4043
831
612
2119
4344
429
1808
41
3338
3432
968
3630
3448
2802
3857
1414
84
4178
3126
2170
2520
2891
1479
2599
3883
2951
2922
3621
2387
2904
4392
3817
4020
4582
686
2785
467
1463
2575
4300
1620
4622
1249
4318
1702
2674
3363
3677
183
4080
3682
841
4426
431
4624
1075
4132
1688
4705
4072
2302
1267
2298
3057
923
4316
2502
710
119
3818
403
3470
4079
312
1707
2126
1590
1091
970
2795
4259
4227
1057
2346
3151
149
321
4130
4314
3194
399
2329
1423
2224
1333
4783
1289
4386
1361
2731
1890
454
3929
3392
3588
680
2923
3336
3410
4900
551
3878
3471
4212
2614
3674
4818
1702
756
650
4036
3099
2987
972
3008
1396
1391
1927
2614
3157
2961
2394
4879
4997
915
4550
956
1038
3136
3827
4180
2066
2951
2940
3122
453
190
2568
781
2049
128
4169
4531
1115
4693
370
2066
1097
1144
3691
5050
4847
135
3715
1488
5050
2140
4111
4342
411
1500
1803
2084
2753
1965
490
4910
4538
605
1740
4353
3671
1772
1212
1461
2558
186
2948
1465
2813
3421
1297
1276
2655
1240
3639
3306
1108
3277
492
244
2302
4284
4931
2284
4491
1783
4842
2599
4884
4938
2444
1113
3318
4066
4332
3793
2486
4878
1568
3077
3208
3751
2298
1166
2376
4481
3754
230
1424
4137
1083
3659
2225
3929
3311
4720
971
1640
1215
2205
1038
314
3274
5050
3525
1156
4901
2694
3690
2650
1885
451
3041
223
4678
3394
4668
4886
3462
4944
280
4547
1080
3717
3961
2998
2207
2814
1984
360
4372
833
444
5011
1272
3023
3842
1082
1535
2819
5002
4907
4158
2359
4928
3432
1017
452
1518
4847
528
1656
1059
2266
4784
242
1967
3645
3935
734
3845
2740
3410
2931
874
4895
3081
2599
1940
3673
2203
3100
650
4495
3257
20
502
1178
410
2761
1821
838
4665
4451
4911
445
2430
2847
1095
935
1312
146
3364
794
3332
24
3024
3165
4653
2618
4234
511
1537
770
3297
5050
2632
2082
1410
1767
1073
4120
5050
3112
4396
4520
1875
2646
2723
2514
42
2443
393
2470
525
1948
3145
908
498
141
879
340
859
170
3033
63
2804
439
4121
4520
1877
254
3115
1108
2982
237
2867
4981
657
3955
4806
1543
2925
754
2223
2458
2087
3421
3197
4169
5030
3819
1214
1556
3115
1082
238
3038
2676
4234
862
835
4714
3225
4853
2708
3126
957
2939
333
2810
4735
1099
2816
1876
1459
3611
764
2371
4554
438
236
1011
1755
1249
4321
925
3123
944
4242
2159
4501
4290
240
572
1769
341
2285
5050
2840
1440
1458
5050
4292
1263
4577
60
981
2546
2285
3106
737
2972
5050
821
4055
2178
4808
3568
18
612
2640
3601
1844
1059
5011
4232
1228
2597
4086
4264
3062
4597
820
2505
3035
1626
5
1302
2457
1615
3006
1012
4079
2262
2163
4286
730
27
1080
2921
384
2678
3985
4809
422
3855
2598
929
2197
4809
2797
1526
3986
4800
4604
3550
4917
4373
2127
770
1716
4629
1004
4955
978
3895
4697
3310
2642
2922
4765
3267
990
178
4035
573
4384
3587
127
4490
1268
2766
4397
2661
4043
1974
2388
4062
4756
1071
52
156
1034
639
734
4814
3366
2297
2172
4030
4567
4862
3450
623
3368
4079
1540
1675
3030
1325
3853
850
1530
3035
3661
759
4798
2749
4224
2336
2081
972
352
4802
359
885
2593
4447
770
2627
2881
1671
4372
2718
2864
4093
2030
1043
275
4659
1146
4777
1706
63
1004
4975
1847
2185
4868
1141
984
3098
3521
4035
4136
632
4938
669
551
4320
1017
838
1007
1527
3960
1592
848
1343
5050
4883
4998
4817
420
856
3342
4207
5050
3811
3618
3802
3343
3656
3507
2215
1274
2721
4212
1419
2998
3423
230
4047
1221
4961
4619
3646
2923
2700
4082
3392
530
4294
1100
293
5050
59
2057
1959
63
3723
2080
3026
2087
3689
2218
4876
37
3436
2327
4684
4933
1277
3484
4565
2694
1037
4105
4970
1097
4291
2853
4427
309
638
3141
993
2717
4408
875
3711
4802
987
1045
2165
3187
2143
4959
2566
4422
3886
4636
1696
2698
4236
5012
1627
1173
3566
4015
3530
433
4972
423
1324
4318
740
3400
1572
191
732
3621
637
3686
749
3503
4955
595
2697
4717
3440
2028
3813
4622
646
2344
4597
4597
2643
1103
1329
2203
2104
4436
3109
4788
1472
2735
2214
1245
4716
3649
2496
1127
4297
1541
3663
3880
4976
3752
1471
2281
4621
3859
1254
763
4168
4694
3012
2998
3515
1291
